D:\SEVG-SDK-2013\SRC\VGUI2\VGUI_CONTROLS\VGUI_CONTROLS.VPC.SENTINEL
D:\SOURCE-SDK-2011\SRC\LIB\PUBLIC\VGUI_CONTROLS.LIB
D:\source-sdk-2011\src\vgui2\vgui_controls\..\..\lib\public\.\vgui_controls.lib
D:\SOURCE-SDK-2011\SRC\VGUI2\VGUI_CONTROLS\RELEASE\ANALOGBAR.OBJ
D:\SOURCE-SDK-2011\SRC\VGUI2\VGUI_CONTROLS\RELEASE\ANIMATINGIMAGEPANEL.OBJ
D:\SOURCE-SDK-2011\SRC\VGUI2\VGUI_CONTROLS\RELEASE\ANIMATIONCONTROLLER.OBJ
D:\SOURCE-SDK-2011\SRC\VGUI2\VGUI_CONTROLS\RELEASE\BITMAPIMAGEPANEL.OBJ
D:\SOURCE-SDK-2011\SRC\VGUI2\VGUI_CONTROLS\RELEASE\BUILDFACTORYHELPER.OBJ
D:\SOURCE-SDK-2011\SRC\VGUI2\VGUI_CONTROLS\RELEASE\BUILDGROUP.OBJ
D:\SOURCE-SDK-2011\SRC\VGUI2\VGUI_CONTROLS\RELEASE\BUILDMODEDIALOG.OBJ
D:\SOURCE-SDK-2011\SRC\VGUI2\VGUI_CONTROLS\RELEASE\BUTTON.OBJ
D:\SOURCE-SDK-2011\SRC\VGUI2\VGUI_CONTROLS\RELEASE\CHECKBUTTON.OBJ
D:\SOURCE-SDK-2011\SRC\VGUI2\VGUI_CONTROLS\RELEASE\CHECKBUTTONLIST.OBJ
D:\SOURCE-SDK-2011\SRC\VGUI2\VGUI_CONTROLS\RELEASE\CIRCULARPROGRESSBAR.OBJ
D:\source-sdk-2011\src\vgui2\vgui_controls\Release\CL.10032.read.1.tlog
D:\source-sdk-2011\src\vgui2\vgui_controls\Release\CL.10032.write.1.tlog
D:\source-sdk-2011\src\vgui2\vgui_controls\Release\CL.10356.read.1.tlog
D:\source-sdk-2011\src\vgui2\vgui_controls\Release\CL.10356.write.1.tlog
D:\source-sdk-2011\src\vgui2\vgui_controls\Release\CL.10448.read.1.tlog
D:\source-sdk-2011\src\vgui2\vgui_controls\Release\CL.10448.write.1.tlog
D:\source-sdk-2011\src\vgui2\vgui_controls\Release\CL.10984.read.1.tlog
D:\source-sdk-2011\src\vgui2\vgui_controls\Release\CL.10984.write.1.tlog
D:\source-sdk-2011\src\vgui2\vgui_controls\Release\CL.11344.read.1.tlog
D:\source-sdk-2011\src\vgui2\vgui_controls\Release\CL.11344.write.1.tlog
D:\source-sdk-2011\src\vgui2\vgui_controls\Release\CL.11828.read.1.tlog
D:\source-sdk-2011\src\vgui2\vgui_controls\Release\CL.11828.write.1.tlog
D:\source-sdk-2011\src\vgui2\vgui_controls\Release\CL.12076.read.1.tlog
D:\source-sdk-2011\src\vgui2\vgui_controls\Release\CL.12076.write.1.tlog
D:\source-sdk-2011\src\vgui2\vgui_controls\Release\CL.12080.read.1.tlog
D:\source-sdk-2011\src\vgui2\vgui_controls\Release\CL.12080.write.1.tlog
D:\source-sdk-2011\src\vgui2\vgui_controls\Release\CL.12352.read.1.tlog
D:\source-sdk-2011\src\vgui2\vgui_controls\Release\CL.12352.write.1.tlog
D:\source-sdk-2011\src\vgui2\vgui_controls\Release\CL.12592.read.1.tlog
D:\source-sdk-2011\src\vgui2\vgui_controls\Release\CL.12592.write.1.tlog
D:\source-sdk-2011\src\vgui2\vgui_controls\Release\CL.12800.read.1.tlog
D:\source-sdk-2011\src\vgui2\vgui_controls\Release\CL.12800.write.1.tlog
D:\source-sdk-2011\src\vgui2\vgui_controls\Release\CL.12888.read.1.tlog
D:\source-sdk-2011\src\vgui2\vgui_controls\Release\CL.12888.write.1.tlog
D:\source-sdk-2011\src\vgui2\vgui_controls\Release\CL.14588.read.1.tlog
D:\source-sdk-2011\src\vgui2\vgui_controls\Release\CL.14588.write.1.tlog
D:\source-sdk-2011\src\vgui2\vgui_controls\Release\CL.14844.read.1.tlog
D:\source-sdk-2011\src\vgui2\vgui_controls\Release\CL.14844.write.1.tlog
D:\source-sdk-2011\src\vgui2\vgui_controls\Release\CL.14988.read.1.tlog
D:\source-sdk-2011\src\vgui2\vgui_controls\Release\CL.14988.write.1.tlog
D:\source-sdk-2011\src\vgui2\vgui_controls\Release\CL.15564.read.1.tlog
D:\source-sdk-2011\src\vgui2\vgui_controls\Release\CL.15564.write.1.tlog
D:\source-sdk-2011\src\vgui2\vgui_controls\Release\CL.15912.read.1.tlog
D:\source-sdk-2011\src\vgui2\vgui_controls\Release\CL.15912.write.1.tlog
D:\source-sdk-2011\src\vgui2\vgui_controls\Release\CL.15992.read.1.tlog
D:\source-sdk-2011\src\vgui2\vgui_controls\Release\CL.15992.write.1.tlog
D:\source-sdk-2011\src\vgui2\vgui_controls\Release\CL.16416.read.1.tlog
D:\source-sdk-2011\src\vgui2\vgui_controls\Release\CL.16416.write.1.tlog
D:\source-sdk-2011\src\vgui2\vgui_controls\Release\CL.16508.read.1.tlog
D:\source-sdk-2011\src\vgui2\vgui_controls\Release\CL.16508.write.1.tlog
D:\source-sdk-2011\src\vgui2\vgui_controls\Release\CL.16908.read.1.tlog
D:\source-sdk-2011\src\vgui2\vgui_controls\Release\CL.16908.write.1.tlog
D:\source-sdk-2011\src\vgui2\vgui_controls\Release\CL.1732.read.1.tlog
D:\source-sdk-2011\src\vgui2\vgui_controls\Release\CL.1732.write.1.tlog
D:\source-sdk-2011\src\vgui2\vgui_controls\Release\CL.17668.read.1.tlog
D:\source-sdk-2011\src\vgui2\vgui_controls\Release\CL.17668.write.1.tlog
D:\source-sdk-2011\src\vgui2\vgui_controls\Release\CL.17824.read.1.tlog
D:\source-sdk-2011\src\vgui2\vgui_controls\Release\CL.17824.write.1.tlog
D:\source-sdk-2011\src\vgui2\vgui_controls\Release\CL.17876.read.1.tlog
D:\source-sdk-2011\src\vgui2\vgui_controls\Release\CL.17876.write.1.tlog
D:\source-sdk-2011\src\vgui2\vgui_controls\Release\CL.17984.read.1.tlog
D:\source-sdk-2011\src\vgui2\vgui_controls\Release\CL.17984.write.1.tlog
D:\source-sdk-2011\src\vgui2\vgui_controls\Release\CL.19568.read.1.tlog
D:\source-sdk-2011\src\vgui2\vgui_controls\Release\CL.19568.write.1.tlog
D:\source-sdk-2011\src\vgui2\vgui_controls\Release\CL.20280.read.1.tlog
D:\source-sdk-2011\src\vgui2\vgui_controls\Release\CL.20280.write.1.tlog
D:\source-sdk-2011\src\vgui2\vgui_controls\Release\CL.20568.read.1.tlog
D:\source-sdk-2011\src\vgui2\vgui_controls\Release\CL.20568.write.1.tlog
D:\source-sdk-2011\src\vgui2\vgui_controls\Release\CL.20880.read.1.tlog
D:\source-sdk-2011\src\vgui2\vgui_controls\Release\CL.20880.write.1.tlog
D:\source-sdk-2011\src\vgui2\vgui_controls\Release\CL.20892.read.1.tlog
D:\source-sdk-2011\src\vgui2\vgui_controls\Release\CL.20892.write.1.tlog
D:\source-sdk-2011\src\vgui2\vgui_controls\Release\CL.21268.read.1.tlog
D:\source-sdk-2011\src\vgui2\vgui_controls\Release\CL.21268.write.1.tlog
D:\source-sdk-2011\src\vgui2\vgui_controls\Release\CL.21288.read.1.tlog
D:\source-sdk-2011\src\vgui2\vgui_controls\Release\CL.21288.write.1.tlog
D:\source-sdk-2011\src\vgui2\vgui_controls\Release\CL.21600.read.1.tlog
D:\source-sdk-2011\src\vgui2\vgui_controls\Release\CL.21600.write.1.tlog
D:\source-sdk-2011\src\vgui2\vgui_controls\Release\CL.22192.read.1.tlog
D:\source-sdk-2011\src\vgui2\vgui_controls\Release\CL.22192.write.1.tlog
D:\source-sdk-2011\src\vgui2\vgui_controls\Release\CL.23200.read.1.tlog
D:\source-sdk-2011\src\vgui2\vgui_controls\Release\CL.23200.write.1.tlog
D:\source-sdk-2011\src\vgui2\vgui_controls\Release\CL.23596.read.1.tlog
D:\source-sdk-2011\src\vgui2\vgui_controls\Release\CL.23596.write.1.tlog
D:\source-sdk-2011\src\vgui2\vgui_controls\Release\CL.2392.read.1.tlog
D:\source-sdk-2011\src\vgui2\vgui_controls\Release\CL.2392.write.1.tlog
D:\source-sdk-2011\src\vgui2\vgui_controls\Release\CL.23976.read.1.tlog
D:\source-sdk-2011\src\vgui2\vgui_controls\Release\CL.23976.write.1.tlog
D:\source-sdk-2011\src\vgui2\vgui_controls\Release\CL.24100.read.1.tlog
D:\source-sdk-2011\src\vgui2\vgui_controls\Release\CL.24100.write.1.tlog
D:\source-sdk-2011\src\vgui2\vgui_controls\Release\CL.24696.read.1.tlog
D:\source-sdk-2011\src\vgui2\vgui_controls\Release\CL.24696.write.1.tlog
D:\source-sdk-2011\src\vgui2\vgui_controls\Release\CL.24996.read.1.tlog
D:\source-sdk-2011\src\vgui2\vgui_controls\Release\CL.24996.write.1.tlog
D:\source-sdk-2011\src\vgui2\vgui_controls\Release\CL.25744.read.1.tlog
D:\source-sdk-2011\src\vgui2\vgui_controls\Release\CL.25744.write.1.tlog
D:\source-sdk-2011\src\vgui2\vgui_controls\Release\CL.25816.read.1.tlog
D:\source-sdk-2011\src\vgui2\vgui_controls\Release\CL.25816.write.1.tlog
D:\source-sdk-2011\src\vgui2\vgui_controls\Release\CL.25860.read.1.tlog
D:\source-sdk-2011\src\vgui2\vgui_controls\Release\CL.25860.write.1.tlog
D:\source-sdk-2011\src\vgui2\vgui_controls\Release\CL.25876.read.1.tlog
D:\source-sdk-2011\src\vgui2\vgui_controls\Release\CL.25876.write.1.tlog
D:\source-sdk-2011\src\vgui2\vgui_controls\Release\CL.25972.read.1.tlog
D:\source-sdk-2011\src\vgui2\vgui_controls\Release\CL.25972.write.1.tlog
D:\source-sdk-2011\src\vgui2\vgui_controls\Release\CL.2608.read.1.tlog
D:\source-sdk-2011\src\vgui2\vgui_controls\Release\CL.2608.write.1.tlog
D:\source-sdk-2011\src\vgui2\vgui_controls\Release\CL.26136.read.1.tlog
D:\source-sdk-2011\src\vgui2\vgui_controls\Release\CL.26136.write.1.tlog
D:\source-sdk-2011\src\vgui2\vgui_controls\Release\CL.26568.read.1.tlog
D:\source-sdk-2011\src\vgui2\vgui_controls\Release\CL.26568.write.1.tlog
D:\source-sdk-2011\src\vgui2\vgui_controls\Release\CL.26844.read.1.tlog
D:\source-sdk-2011\src\vgui2\vgui_controls\Release\CL.26844.write.1.tlog
D:\source-sdk-2011\src\vgui2\vgui_controls\Release\CL.2700.read.1.tlog
D:\source-sdk-2011\src\vgui2\vgui_controls\Release\CL.2700.write.1.tlog
D:\source-sdk-2011\src\vgui2\vgui_controls\Release\CL.27156.read.1.tlog
D:\source-sdk-2011\src\vgui2\vgui_controls\Release\CL.27156.write.1.tlog
D:\source-sdk-2011\src\vgui2\vgui_controls\Release\CL.27236.read.1.tlog
D:\source-sdk-2011\src\vgui2\vgui_controls\Release\CL.27236.write.1.tlog
D:\source-sdk-2011\src\vgui2\vgui_controls\Release\CL.27632.read.1.tlog
D:\source-sdk-2011\src\vgui2\vgui_controls\Release\CL.27632.write.1.tlog
D:\source-sdk-2011\src\vgui2\vgui_controls\Release\CL.2764.read.1.tlog
D:\source-sdk-2011\src\vgui2\vgui_controls\Release\CL.2764.write.1.tlog
D:\source-sdk-2011\src\vgui2\vgui_controls\Release\CL.29016.read.1.tlog
D:\source-sdk-2011\src\vgui2\vgui_controls\Release\CL.29016.write.1.tlog
D:\source-sdk-2011\src\vgui2\vgui_controls\Release\CL.29148.read.1.tlog
D:\source-sdk-2011\src\vgui2\vgui_controls\Release\CL.29148.write.1.tlog
D:\source-sdk-2011\src\vgui2\vgui_controls\Release\CL.292.read.1.tlog
D:\source-sdk-2011\src\vgui2\vgui_controls\Release\CL.292.write.1.tlog
D:\source-sdk-2011\src\vgui2\vgui_controls\Release\CL.29232.read.1.tlog
D:\source-sdk-2011\src\vgui2\vgui_controls\Release\CL.29232.write.1.tlog
D:\source-sdk-2011\src\vgui2\vgui_controls\Release\CL.2952.read.1.tlog
D:\source-sdk-2011\src\vgui2\vgui_controls\Release\CL.2952.write.1.tlog
D:\source-sdk-2011\src\vgui2\vgui_controls\Release\CL.29552.read.1.tlog
D:\source-sdk-2011\src\vgui2\vgui_controls\Release\CL.29552.write.1.tlog
D:\source-sdk-2011\src\vgui2\vgui_controls\Release\CL.296.read.1.tlog
D:\source-sdk-2011\src\vgui2\vgui_controls\Release\CL.296.write.1.tlog
D:\source-sdk-2011\src\vgui2\vgui_controls\Release\CL.29684.read.1.tlog
D:\source-sdk-2011\src\vgui2\vgui_controls\Release\CL.29684.write.1.tlog
D:\source-sdk-2011\src\vgui2\vgui_controls\Release\CL.29992.read.1.tlog
D:\source-sdk-2011\src\vgui2\vgui_controls\Release\CL.29992.write.1.tlog
D:\source-sdk-2011\src\vgui2\vgui_controls\Release\CL.30424.read.1.tlog
D:\source-sdk-2011\src\vgui2\vgui_controls\Release\CL.30424.write.1.tlog
D:\source-sdk-2011\src\vgui2\vgui_controls\Release\CL.30512.read.1.tlog
D:\source-sdk-2011\src\vgui2\vgui_controls\Release\CL.30512.write.1.tlog
D:\source-sdk-2011\src\vgui2\vgui_controls\Release\CL.30648.read.1.tlog
D:\source-sdk-2011\src\vgui2\vgui_controls\Release\CL.30648.write.1.tlog
D:\source-sdk-2011\src\vgui2\vgui_controls\Release\CL.30684.read.1.tlog
D:\source-sdk-2011\src\vgui2\vgui_controls\Release\CL.30684.write.1.tlog
D:\source-sdk-2011\src\vgui2\vgui_controls\Release\CL.30696.read.1.tlog
D:\source-sdk-2011\src\vgui2\vgui_controls\Release\CL.30696.write.1.tlog
D:\source-sdk-2011\src\vgui2\vgui_controls\Release\CL.31128.read.1.tlog
D:\source-sdk-2011\src\vgui2\vgui_controls\Release\CL.31128.write.1.tlog
D:\source-sdk-2011\src\vgui2\vgui_controls\Release\CL.31172.read.1.tlog
D:\source-sdk-2011\src\vgui2\vgui_controls\Release\CL.31172.write.1.tlog
D:\source-sdk-2011\src\vgui2\vgui_controls\Release\CL.31296.read.1.tlog
D:\source-sdk-2011\src\vgui2\vgui_controls\Release\CL.31296.write.1.tlog
D:\source-sdk-2011\src\vgui2\vgui_controls\Release\CL.31356.read.1.tlog
D:\source-sdk-2011\src\vgui2\vgui_controls\Release\CL.31356.write.1.tlog
D:\source-sdk-2011\src\vgui2\vgui_controls\Release\CL.31428.read.1.tlog
D:\source-sdk-2011\src\vgui2\vgui_controls\Release\CL.31428.write.1.tlog
D:\source-sdk-2011\src\vgui2\vgui_controls\Release\CL.31628.read.1.tlog
D:\source-sdk-2011\src\vgui2\vgui_controls\Release\CL.31628.write.1.tlog
D:\source-sdk-2011\src\vgui2\vgui_controls\Release\CL.31740.read.1.tlog
D:\source-sdk-2011\src\vgui2\vgui_controls\Release\CL.31740.write.1.tlog
D:\source-sdk-2011\src\vgui2\vgui_controls\Release\CL.31756.read.1.tlog
D:\source-sdk-2011\src\vgui2\vgui_controls\Release\CL.31756.write.1.tlog
D:\source-sdk-2011\src\vgui2\vgui_controls\Release\CL.32288.read.1.tlog
D:\source-sdk-2011\src\vgui2\vgui_controls\Release\CL.32288.write.1.tlog
D:\source-sdk-2011\src\vgui2\vgui_controls\Release\CL.32356.read.1.tlog
D:\source-sdk-2011\src\vgui2\vgui_controls\Release\CL.32356.write.1.tlog
D:\source-sdk-2011\src\vgui2\vgui_controls\Release\CL.32724.read.1.tlog
D:\source-sdk-2011\src\vgui2\vgui_controls\Release\CL.32724.write.1.tlog
D:\source-sdk-2011\src\vgui2\vgui_controls\Release\CL.32940.read.1.tlog
D:\source-sdk-2011\src\vgui2\vgui_controls\Release\CL.32940.write.1.tlog
D:\source-sdk-2011\src\vgui2\vgui_controls\Release\CL.32944.read.1.tlog
D:\source-sdk-2011\src\vgui2\vgui_controls\Release\CL.32944.write.1.tlog
D:\source-sdk-2011\src\vgui2\vgui_controls\Release\CL.32968.read.1.tlog
D:\source-sdk-2011\src\vgui2\vgui_controls\Release\CL.32968.write.1.tlog
D:\source-sdk-2011\src\vgui2\vgui_controls\Release\CL.33300.read.1.tlog
D:\source-sdk-2011\src\vgui2\vgui_controls\Release\CL.33300.write.1.tlog
D:\source-sdk-2011\src\vgui2\vgui_controls\Release\CL.3340.read.1.tlog
D:\source-sdk-2011\src\vgui2\vgui_controls\Release\CL.3340.write.1.tlog
D:\source-sdk-2011\src\vgui2\vgui_controls\Release\CL.33504.read.1.tlog
D:\source-sdk-2011\src\vgui2\vgui_controls\Release\CL.33504.write.1.tlog
D:\source-sdk-2011\src\vgui2\vgui_controls\Release\CL.33564.read.1.tlog
D:\source-sdk-2011\src\vgui2\vgui_controls\Release\CL.33564.write.1.tlog
D:\source-sdk-2011\src\vgui2\vgui_controls\Release\CL.33636.read.1.tlog
D:\source-sdk-2011\src\vgui2\vgui_controls\Release\CL.33636.write.1.tlog
D:\source-sdk-2011\src\vgui2\vgui_controls\Release\CL.34392.read.1.tlog
D:\source-sdk-2011\src\vgui2\vgui_controls\Release\CL.34392.write.1.tlog
D:\source-sdk-2011\src\vgui2\vgui_controls\Release\CL.34396.read.1.tlog
D:\source-sdk-2011\src\vgui2\vgui_controls\Release\CL.34396.write.1.tlog
D:\source-sdk-2011\src\vgui2\vgui_controls\Release\CL.34972.read.1.tlog
D:\source-sdk-2011\src\vgui2\vgui_controls\Release\CL.34972.write.1.tlog
D:\source-sdk-2011\src\vgui2\vgui_controls\Release\CL.3516.read.1.tlog
D:\source-sdk-2011\src\vgui2\vgui_controls\Release\CL.3516.write.1.tlog
D:\source-sdk-2011\src\vgui2\vgui_controls\Release\CL.35400.read.1.tlog
D:\source-sdk-2011\src\vgui2\vgui_controls\Release\CL.35400.write.1.tlog
D:\source-sdk-2011\src\vgui2\vgui_controls\Release\CL.35548.read.1.tlog
D:\source-sdk-2011\src\vgui2\vgui_controls\Release\CL.35548.write.1.tlog
D:\source-sdk-2011\src\vgui2\vgui_controls\Release\CL.3564.read.1.tlog
D:\source-sdk-2011\src\vgui2\vgui_controls\Release\CL.3564.write.1.tlog
D:\source-sdk-2011\src\vgui2\vgui_controls\Release\CL.3568.read.1.tlog
D:\source-sdk-2011\src\vgui2\vgui_controls\Release\CL.3568.write.1.tlog
D:\source-sdk-2011\src\vgui2\vgui_controls\Release\CL.35740.read.1.tlog
D:\source-sdk-2011\src\vgui2\vgui_controls\Release\CL.35740.write.1.tlog
D:\source-sdk-2011\src\vgui2\vgui_controls\Release\CL.35984.read.1.tlog
D:\source-sdk-2011\src\vgui2\vgui_controls\Release\CL.35984.write.1.tlog
D:\source-sdk-2011\src\vgui2\vgui_controls\Release\CL.36080.read.1.tlog
D:\source-sdk-2011\src\vgui2\vgui_controls\Release\CL.36080.write.1.tlog
D:\source-sdk-2011\src\vgui2\vgui_controls\Release\CL.36168.read.1.tlog
D:\source-sdk-2011\src\vgui2\vgui_controls\Release\CL.36168.write.1.tlog
D:\source-sdk-2011\src\vgui2\vgui_controls\Release\CL.36232.read.1.tlog
D:\source-sdk-2011\src\vgui2\vgui_controls\Release\CL.36232.write.1.tlog
D:\source-sdk-2011\src\vgui2\vgui_controls\Release\CL.36284.read.1.tlog
D:\source-sdk-2011\src\vgui2\vgui_controls\Release\CL.36284.write.1.tlog
D:\source-sdk-2011\src\vgui2\vgui_controls\Release\CL.36600.read.1.tlog
D:\source-sdk-2011\src\vgui2\vgui_controls\Release\CL.36600.write.1.tlog
D:\source-sdk-2011\src\vgui2\vgui_controls\Release\CL.36736.read.1.tlog
D:\source-sdk-2011\src\vgui2\vgui_controls\Release\CL.36736.write.1.tlog
D:\source-sdk-2011\src\vgui2\vgui_controls\Release\CL.3708.read.1.tlog
D:\source-sdk-2011\src\vgui2\vgui_controls\Release\CL.3708.write.1.tlog
D:\source-sdk-2011\src\vgui2\vgui_controls\Release\CL.37084.read.1.tlog
D:\source-sdk-2011\src\vgui2\vgui_controls\Release\CL.37084.write.1.tlog
D:\source-sdk-2011\src\vgui2\vgui_controls\Release\CL.37244.read.1.tlog
D:\source-sdk-2011\src\vgui2\vgui_controls\Release\CL.37244.write.1.tlog
D:\source-sdk-2011\src\vgui2\vgui_controls\Release\CL.38072.read.1.tlog
D:\source-sdk-2011\src\vgui2\vgui_controls\Release\CL.38072.write.1.tlog
D:\source-sdk-2011\src\vgui2\vgui_controls\Release\CL.38124.read.1.tlog
D:\source-sdk-2011\src\vgui2\vgui_controls\Release\CL.38124.write.1.tlog
D:\source-sdk-2011\src\vgui2\vgui_controls\Release\CL.38324.read.1.tlog
D:\source-sdk-2011\src\vgui2\vgui_controls\Release\CL.38324.write.1.tlog
D:\source-sdk-2011\src\vgui2\vgui_controls\Release\CL.38328.read.1.tlog
D:\source-sdk-2011\src\vgui2\vgui_controls\Release\CL.38328.write.1.tlog
D:\source-sdk-2011\src\vgui2\vgui_controls\Release\CL.38364.read.1.tlog
D:\source-sdk-2011\src\vgui2\vgui_controls\Release\CL.38364.write.1.tlog
D:\source-sdk-2011\src\vgui2\vgui_controls\Release\CL.38516.read.1.tlog
D:\source-sdk-2011\src\vgui2\vgui_controls\Release\CL.38516.write.1.tlog
D:\source-sdk-2011\src\vgui2\vgui_controls\Release\CL.39028.read.1.tlog
D:\source-sdk-2011\src\vgui2\vgui_controls\Release\CL.39028.write.1.tlog
D:\source-sdk-2011\src\vgui2\vgui_controls\Release\CL.3908.read.1.tlog
D:\source-sdk-2011\src\vgui2\vgui_controls\Release\CL.3908.write.1.tlog
D:\source-sdk-2011\src\vgui2\vgui_controls\Release\CL.39184.read.1.tlog
D:\source-sdk-2011\src\vgui2\vgui_controls\Release\CL.39184.write.1.tlog
D:\source-sdk-2011\src\vgui2\vgui_controls\Release\CL.3932.read.1.tlog
D:\source-sdk-2011\src\vgui2\vgui_controls\Release\CL.3932.write.1.tlog
D:\source-sdk-2011\src\vgui2\vgui_controls\Release\CL.39356.read.1.tlog
D:\source-sdk-2011\src\vgui2\vgui_controls\Release\CL.39356.write.1.tlog
D:\source-sdk-2011\src\vgui2\vgui_controls\Release\CL.39524.read.1.tlog
D:\source-sdk-2011\src\vgui2\vgui_controls\Release\CL.39524.write.1.tlog
D:\source-sdk-2011\src\vgui2\vgui_controls\Release\CL.39588.read.1.tlog
D:\source-sdk-2011\src\vgui2\vgui_controls\Release\CL.39588.write.1.tlog
D:\source-sdk-2011\src\vgui2\vgui_controls\Release\CL.41448.read.1.tlog
D:\source-sdk-2011\src\vgui2\vgui_controls\Release\CL.41448.write.1.tlog
D:\source-sdk-2011\src\vgui2\vgui_controls\Release\CL.41516.read.1.tlog
D:\source-sdk-2011\src\vgui2\vgui_controls\Release\CL.41516.write.1.tlog
D:\source-sdk-2011\src\vgui2\vgui_controls\Release\CL.41604.read.1.tlog
D:\source-sdk-2011\src\vgui2\vgui_controls\Release\CL.41604.write.1.tlog
D:\source-sdk-2011\src\vgui2\vgui_controls\Release\CL.41720.read.1.tlog
D:\source-sdk-2011\src\vgui2\vgui_controls\Release\CL.41720.write.1.tlog
D:\source-sdk-2011\src\vgui2\vgui_controls\Release\CL.42292.read.1.tlog
D:\source-sdk-2011\src\vgui2\vgui_controls\Release\CL.42292.write.1.tlog
D:\source-sdk-2011\src\vgui2\vgui_controls\Release\CL.42332.read.1.tlog
D:\source-sdk-2011\src\vgui2\vgui_controls\Release\CL.42332.write.1.tlog
D:\source-sdk-2011\src\vgui2\vgui_controls\Release\CL.42372.read.1.tlog
D:\source-sdk-2011\src\vgui2\vgui_controls\Release\CL.42372.write.1.tlog
D:\source-sdk-2011\src\vgui2\vgui_controls\Release\CL.42464.read.1.tlog
D:\source-sdk-2011\src\vgui2\vgui_controls\Release\CL.42464.write.1.tlog
D:\source-sdk-2011\src\vgui2\vgui_controls\Release\CL.42988.read.1.tlog
D:\source-sdk-2011\src\vgui2\vgui_controls\Release\CL.42988.write.1.tlog
D:\source-sdk-2011\src\vgui2\vgui_controls\Release\CL.43424.read.1.tlog
D:\source-sdk-2011\src\vgui2\vgui_controls\Release\CL.43424.write.1.tlog
D:\source-sdk-2011\src\vgui2\vgui_controls\Release\CL.43832.read.1.tlog
D:\source-sdk-2011\src\vgui2\vgui_controls\Release\CL.43832.write.1.tlog
D:\source-sdk-2011\src\vgui2\vgui_controls\Release\CL.43952.read.1.tlog
D:\source-sdk-2011\src\vgui2\vgui_controls\Release\CL.43952.write.1.tlog
D:\source-sdk-2011\src\vgui2\vgui_controls\Release\CL.45048.read.1.tlog
D:\source-sdk-2011\src\vgui2\vgui_controls\Release\CL.45048.write.1.tlog
D:\source-sdk-2011\src\vgui2\vgui_controls\Release\CL.46284.read.1.tlog
D:\source-sdk-2011\src\vgui2\vgui_controls\Release\CL.46284.write.1.tlog
D:\source-sdk-2011\src\vgui2\vgui_controls\Release\CL.46568.read.1.tlog
D:\source-sdk-2011\src\vgui2\vgui_controls\Release\CL.46568.write.1.tlog
D:\source-sdk-2011\src\vgui2\vgui_controls\Release\CL.47248.read.1.tlog
D:\source-sdk-2011\src\vgui2\vgui_controls\Release\CL.47248.write.1.tlog
D:\source-sdk-2011\src\vgui2\vgui_controls\Release\CL.47516.read.1.tlog
D:\source-sdk-2011\src\vgui2\vgui_controls\Release\CL.47516.write.1.tlog
D:\source-sdk-2011\src\vgui2\vgui_controls\Release\CL.50700.read.1.tlog
D:\source-sdk-2011\src\vgui2\vgui_controls\Release\CL.50700.write.1.tlog
D:\source-sdk-2011\src\vgui2\vgui_controls\Release\CL.5076.read.1.tlog
D:\source-sdk-2011\src\vgui2\vgui_controls\Release\CL.5076.write.1.tlog
D:\source-sdk-2011\src\vgui2\vgui_controls\Release\CL.51936.read.1.tlog
D:\source-sdk-2011\src\vgui2\vgui_controls\Release\CL.51936.write.1.tlog
D:\source-sdk-2011\src\vgui2\vgui_controls\Release\CL.52784.read.1.tlog
D:\source-sdk-2011\src\vgui2\vgui_controls\Release\CL.52784.write.1.tlog
D:\source-sdk-2011\src\vgui2\vgui_controls\Release\CL.54584.read.1.tlog
D:\source-sdk-2011\src\vgui2\vgui_controls\Release\CL.54584.write.1.tlog
D:\source-sdk-2011\src\vgui2\vgui_controls\Release\CL.56536.read.1.tlog
D:\source-sdk-2011\src\vgui2\vgui_controls\Release\CL.56536.write.1.tlog
D:\source-sdk-2011\src\vgui2\vgui_controls\Release\CL.5672.read.1.tlog
D:\source-sdk-2011\src\vgui2\vgui_controls\Release\CL.5672.write.1.tlog
D:\source-sdk-2011\src\vgui2\vgui_controls\Release\CL.5700.read.1.tlog
D:\source-sdk-2011\src\vgui2\vgui_controls\Release\CL.5700.write.1.tlog
D:\source-sdk-2011\src\vgui2\vgui_controls\Release\CL.58948.read.1.tlog
D:\source-sdk-2011\src\vgui2\vgui_controls\Release\CL.58948.write.1.tlog
D:\source-sdk-2011\src\vgui2\vgui_controls\Release\CL.636.read.1.tlog
D:\source-sdk-2011\src\vgui2\vgui_controls\Release\CL.636.write.1.tlog
D:\source-sdk-2011\src\vgui2\vgui_controls\Release\CL.7632.read.1.tlog
D:\source-sdk-2011\src\vgui2\vgui_controls\Release\CL.7632.write.1.tlog
D:\source-sdk-2011\src\vgui2\vgui_controls\Release\CL.7692.read.1.tlog
D:\source-sdk-2011\src\vgui2\vgui_controls\Release\CL.7692.write.1.tlog
D:\source-sdk-2011\src\vgui2\vgui_controls\Release\CL.8080.read.1.tlog
D:\source-sdk-2011\src\vgui2\vgui_controls\Release\CL.8080.write.1.tlog
D:\source-sdk-2011\src\vgui2\vgui_controls\Release\CL.8144.read.1.tlog
D:\source-sdk-2011\src\vgui2\vgui_controls\Release\CL.8144.write.1.tlog
D:\source-sdk-2011\src\vgui2\vgui_controls\Release\CL.8832.read.1.tlog
D:\source-sdk-2011\src\vgui2\vgui_controls\Release\CL.8832.write.1.tlog
D:\source-sdk-2011\src\vgui2\vgui_controls\Release\CL.9936.read.1.tlog
D:\source-sdk-2011\src\vgui2\vgui_controls\Release\CL.9936.write.1.tlog
D:\source-sdk-2011\src\vgui2\vgui_controls\Release\cl.command.1.tlog
D:\source-sdk-2011\src\vgui2\vgui_controls\Release\CL.read.1.tlog
D:\source-sdk-2011\src\vgui2\vgui_controls\Release\cl.write.1.tlog
D:\SOURCE-SDK-2011\SRC\VGUI2\VGUI_CONTROLS\RELEASE\COMBOBOX.OBJ
D:\SOURCE-SDK-2011\SRC\VGUI2\VGUI_CONTROLS\RELEASE\CONSOLEDIALOG.OBJ
D:\SOURCE-SDK-2011\SRC\VGUI2\VGUI_CONTROLS\RELEASE\CONTROLLERMAP.OBJ
D:\SOURCE-SDK-2011\SRC\VGUI2\VGUI_CONTROLS\RELEASE\CONTROLS.OBJ
D:\source-sdk-2011\src\vgui2\vgui_controls\Release\custombuild.command.1.tlog
D:\source-sdk-2011\src\vgui2\vgui_controls\Release\custombuild.read.1.tlog
D:\source-sdk-2011\src\vgui2\vgui_controls\Release\custombuild.write.1.tlog
D:\SOURCE-SDK-2011\SRC\VGUI2\VGUI_CONTROLS\RELEASE\CVARTOGGLECHECKBUTTON.OBJ
D:\SOURCE-SDK-2011\SRC\VGUI2\VGUI_CONTROLS\RELEASE\DIRECTORYSELECTDIALOG.OBJ
D:\SOURCE-SDK-2011\SRC\VGUI2\VGUI_CONTROLS\RELEASE\DIVIDER.OBJ
D:\SOURCE-SDK-2011\SRC\VGUI2\VGUI_CONTROLS\RELEASE\EDITABLEPANEL.OBJ
D:\SOURCE-SDK-2011\SRC\VGUI2\VGUI_CONTROLS\RELEASE\EXPANDBUTTON.OBJ
D:\SOURCE-SDK-2011\SRC\VGUI2\VGUI_CONTROLS\RELEASE\FILEOPENDIALOG.OBJ
D:\SOURCE-SDK-2011\SRC\VGUI2\VGUI_CONTROLS\RELEASE\FILEOPENSTATEMACHINE.OBJ
D:\SOURCE-SDK-2011\SRC\VGUI2\VGUI_CONTROLS\RELEASE\FILESYSTEM_HELPERS.OBJ
D:\SOURCE-SDK-2011\SRC\VGUI2\VGUI_CONTROLS\RELEASE\FOCUSNAVGROUP.OBJ
D:\SOURCE-SDK-2011\SRC\VGUI2\VGUI_CONTROLS\RELEASE\FRAME.OBJ
D:\SOURCE-SDK-2011\SRC\VGUI2\VGUI_CONTROLS\RELEASE\GRAPHPANEL.OBJ
D:\SOURCE-SDK-2011\SRC\VGUI2\VGUI_CONTROLS\RELEASE\HTML.OBJ
D:\SOURCE-SDK-2011\SRC\VGUI2\VGUI_CONTROLS\RELEASE\IMAGE.OBJ
D:\SOURCE-SDK-2011\SRC\VGUI2\VGUI_CONTROLS\RELEASE\IMAGELIST.OBJ
D:\SOURCE-SDK-2011\SRC\VGUI2\VGUI_CONTROLS\RELEASE\IMAGEPANEL.OBJ
D:\SOURCE-SDK-2011\SRC\VGUI2\VGUI_CONTROLS\RELEASE\INPUTDIALOG.OBJ
D:\SOURCE-SDK-2011\SRC\VGUI2\VGUI_CONTROLS\RELEASE\KEYBINDINGHELPDIALOG.OBJ
D:\SOURCE-SDK-2011\SRC\VGUI2\VGUI_CONTROLS\RELEASE\KEYBOARDEDITORDIALOG.OBJ
D:\SOURCE-SDK-2011\SRC\VGUI2\VGUI_CONTROLS\RELEASE\KEYREPEAT.OBJ
D:\SOURCE-SDK-2011\SRC\VGUI2\VGUI_CONTROLS\RELEASE\LABEL.OBJ
D:\source-sdk-2011\src\vgui2\vgui_controls\Release\lib.command.1.tlog
D:\source-sdk-2011\src\vgui2\vgui_controls\Release\Lib-link.read.1.tlog
D:\source-sdk-2011\src\vgui2\vgui_controls\Release\Lib-link.write.1.tlog
D:\SOURCE-SDK-2011\SRC\VGUI2\VGUI_CONTROLS\RELEASE\LISTPANEL.OBJ
D:\SOURCE-SDK-2011\SRC\VGUI2\VGUI_CONTROLS\RELEASE\LISTVIEWPANEL.OBJ
D:\SOURCE-SDK-2011\SRC\VGUI2\VGUI_CONTROLS\RELEASE\MENU.OBJ
D:\SOURCE-SDK-2011\SRC\VGUI2\VGUI_CONTROLS\RELEASE\MENUBAR.OBJ
D:\SOURCE-SDK-2011\SRC\VGUI2\VGUI_CONTROLS\RELEASE\MENUBUTTON.OBJ
D:\SOURCE-SDK-2011\SRC\VGUI2\VGUI_CONTROLS\RELEASE\MENUITEM.OBJ
D:\SOURCE-SDK-2011\SRC\VGUI2\VGUI_CONTROLS\RELEASE\MESSAGEBOX.OBJ
D:\SOURCE-SDK-2011\SRC\VGUI2\VGUI_CONTROLS\RELEASE\MESSAGEDIALOG.OBJ
D:\SOURCE-SDK-2011\SRC\VGUI2\VGUI_CONTROLS\RELEASE\PANEL.OBJ
D:\SOURCE-SDK-2011\SRC\VGUI2\VGUI_CONTROLS\RELEASE\PANELLISTPANEL.OBJ
D:\SOURCE-SDK-2011\SRC\VGUI2\VGUI_CONTROLS\RELEASE\PERFORCEFILEEXPLORER.OBJ
D:\SOURCE-SDK-2011\SRC\VGUI2\VGUI_CONTROLS\RELEASE\PERFORCEFILELIST.OBJ
D:\SOURCE-SDK-2011\SRC\VGUI2\VGUI_CONTROLS\RELEASE\PERFORCEFILELISTFRAME.OBJ
D:\SOURCE-SDK-2011\SRC\VGUI2\VGUI_CONTROLS\RELEASE\PROGRESSBAR.OBJ
D:\SOURCE-SDK-2011\SRC\VGUI2\VGUI_CONTROLS\RELEASE\PROGRESSBOX.OBJ
D:\SOURCE-SDK-2011\SRC\VGUI2\VGUI_CONTROLS\RELEASE\PROPERTYDIALOG.OBJ
D:\SOURCE-SDK-2011\SRC\VGUI2\VGUI_CONTROLS\RELEASE\PROPERTYPAGE.OBJ
D:\SOURCE-SDK-2011\SRC\VGUI2\VGUI_CONTROLS\RELEASE\PROPERTYSHEET.OBJ
D:\SOURCE-SDK-2011\SRC\VGUI2\VGUI_CONTROLS\RELEASE\QUERYBOX.OBJ
D:\SOURCE-SDK-2011\SRC\VGUI2\VGUI_CONTROLS\RELEASE\RADIOBUTTON.OBJ
D:\SOURCE-SDK-2011\SRC\VGUI2\VGUI_CONTROLS\RELEASE\RICHTEXT.OBJ
D:\SOURCE-SDK-2011\SRC\VGUI2\VGUI_CONTROLS\RELEASE\ROTATINGPROGRESSBAR.OBJ
D:\SOURCE-SDK-2011\SRC\VGUI2\VGUI_CONTROLS\RELEASE\SAVEDOCUMENTQUERY.OBJ
D:\SOURCE-SDK-2011\SRC\VGUI2\VGUI_CONTROLS\RELEASE\SCALABLEIMAGEPANEL.OBJ
D:\SOURCE-SDK-2011\SRC\VGUI2\VGUI_CONTROLS\RELEASE\SCROLLABLEEDITABLEPANEL.OBJ
D:\SOURCE-SDK-2011\SRC\VGUI2\VGUI_CONTROLS\RELEASE\SCROLLBAR.OBJ
D:\SOURCE-SDK-2011\SRC\VGUI2\VGUI_CONTROLS\RELEASE\SCROLLBARSLIDER.OBJ
D:\SOURCE-SDK-2011\SRC\VGUI2\VGUI_CONTROLS\RELEASE\SECTIONEDLISTPANEL.OBJ
D:\SOURCE-SDK-2011\SRC\VGUI2\VGUI_CONTROLS\RELEASE\SLIDER.OBJ
D:\SOURCE-SDK-2011\SRC\VGUI2\VGUI_CONTROLS\RELEASE\SPLITTER.OBJ
D:\SOURCE-SDK-2011\SRC\VGUI2\VGUI_CONTROLS\RELEASE\SUBRECTIMAGE.OBJ
D:\SOURCE-SDK-2011\SRC\VGUI2\VGUI_CONTROLS\RELEASE\TEXTENTRY.OBJ
D:\SOURCE-SDK-2011\SRC\VGUI2\VGUI_CONTROLS\RELEASE\TEXTIMAGE.OBJ
D:\SOURCE-SDK-2011\SRC\VGUI2\VGUI_CONTROLS\RELEASE\TOGGLEBUTTON.OBJ
D:\SOURCE-SDK-2011\SRC\VGUI2\VGUI_CONTROLS\RELEASE\TOOLTIP.OBJ
D:\SOURCE-SDK-2011\SRC\VGUI2\VGUI_CONTROLS\RELEASE\TOOLWINDOW.OBJ
D:\SOURCE-SDK-2011\SRC\VGUI2\VGUI_CONTROLS\RELEASE\TREEVIEW.OBJ
D:\SOURCE-SDK-2011\SRC\VGUI2\VGUI_CONTROLS\RELEASE\TREEVIEWLISTCONTROL.OBJ
D:\SOURCE-SDK-2011\SRC\VGUI2\VGUI_CONTROLS\RELEASE\URLLABEL.OBJ
D:\SOURCE-SDK-2011\SRC\VGUI2\VGUI_CONTROLS\RELEASE\VGUI_KEY_TRANSLATION.OBJ
D:\SOURCE-SDK-2011\SRC\VGUI2\VGUI_CONTROLS\RELEASE\WIZARDPANEL.OBJ
D:\SOURCE-SDK-2011\SRC\VGUI2\VGUI_CONTROLS\RELEASE\WIZARDSUBPANEL.OBJ
