d:\source-sdk-2011\src\vphysics_jolt\joltphysics\debug_sse42\joltphysics_sse42.pch
d:\source-sdk-2011\src\vphysics_jolt\joltphysics\debug_sse42\joltphysics_sse42.pdb
d:\source-sdk-2011\src\vphysics_jolt\joltphysics\debug_sse42\joltphysics_sse42.idb
d:\source-sdk-2011\src\vphysics_jolt\joltphysics\debug_sse42\pch.obj
d:\source-sdk-2011\src\vphysics_jolt\joltphysics\debug_sse42\aabbtreebuilder.obj
d:\source-sdk-2011\src\vphysics_jolt\joltphysics\debug_sse42\castconvexvstriangles.obj
d:\source-sdk-2011\src\vphysics_jolt\joltphysics\debug_sse42\constraintmanager.obj
d:\source-sdk-2011\src\vphysics_jolt\joltphysics\debug_sse42\decoratedshape.obj
d:\source-sdk-2011\src\vphysics_jolt\joltphysics\debug_sse42\fixedconstraint.obj
d:\source-sdk-2011\src\vphysics_jolt\joltphysics\debug_sse42\islandbuilder.obj
d:\source-sdk-2011\src\vphysics_jolt\joltphysics\debug_sse42\objectstreamout.obj
d:\source-sdk-2011\src\vphysics_jolt\joltphysics\debug_sse42\physicsmaterial.obj
d:\source-sdk-2011\src\vphysics_jolt\joltphysics\debug_sse42\physicsupdatecontext.obj
d:\source-sdk-2011\src\vphysics_jolt\joltphysics\debug_sse42\semaphore.obj
d:\source-sdk-2011\src\vphysics_jolt\joltphysics\debug_sse42\vehicleantirollbar.obj
d:\source-sdk-2011\src\vphysics_jolt\joltphysics\debug_sse42\vehiclecontroller.obj
d:\source-sdk-2011\src\vphysics_jolt\joltphysics\debug_sse42\bodyinterface.obj
d:\source-sdk-2011\src\vphysics_jolt\joltphysics\debug_sse42\collisiongroup.obj
d:\source-sdk-2011\src\vphysics_jolt\joltphysics\debug_sse42\contactconstraintmanager.obj
d:\source-sdk-2011\src\vphysics_jolt\joltphysics\debug_sse42\jobsystemthreadpool.obj
d:\source-sdk-2011\src\vphysics_jolt\joltphysics\debug_sse42\pathconstraintpathhermite.obj
d:\source-sdk-2011\src\vphysics_jolt\joltphysics\debug_sse42\rtti.obj
d:\source-sdk-2011\src\vphysics_jolt\joltphysics\debug_sse42\scaledshape.obj
d:\source-sdk-2011\src\vphysics_jolt\joltphysics\debug_sse42\skeleton.obj
d:\source-sdk-2011\src\vphysics_jolt\joltphysics\debug_sse42\skeletonpose.obj
d:\source-sdk-2011\src\vphysics_jolt\joltphysics\debug_sse42\tickcounter.obj
d:\source-sdk-2011\src\vphysics_jolt\joltphysics\debug_sse42\trianglesplittermorton.obj
d:\source-sdk-2011\src\vphysics_jolt\joltphysics\debug_sse42\vehicleconstraint.obj
d:\source-sdk-2011\src\vphysics_jolt\joltphysics\debug_sse42\broadphasebruteforce.obj
d:\source-sdk-2011\src\vphysics_jolt\joltphysics\debug_sse42\compoundshape.obj
d:\source-sdk-2011\src\vphysics_jolt\joltphysics\debug_sse42\factory.obj
d:\source-sdk-2011\src\vphysics_jolt\joltphysics\debug_sse42\groupfiltertable.obj
d:\source-sdk-2011\src\vphysics_jolt\joltphysics\debug_sse42\indexify.obj
d:\source-sdk-2011\src\vphysics_jolt\joltphysics\debug_sse42\largeislandsplitter.obj
d:\source-sdk-2011\src\vphysics_jolt\joltphysics\debug_sse42\orientedbox.obj
d:\source-sdk-2011\src\vphysics_jolt\joltphysics\debug_sse42\pathconstraintpath.obj
d:\source-sdk-2011\src\vphysics_jolt\joltphysics\debug_sse42\profiler.obj
d:\source-sdk-2011\src\vphysics_jolt\joltphysics\debug_sse42\shape.obj
d:\source-sdk-2011\src\vphysics_jolt\joltphysics\debug_sse42\taperedcapsuleshape.obj
d:\source-sdk-2011\src\vphysics_jolt\joltphysics\debug_sse42\trianglesplitterbinning.obj
d:\source-sdk-2011\src\vphysics_jolt\joltphysics\debug_sse42\twobodyconstraint.obj
d:\source-sdk-2011\src\vphysics_jolt\joltphysics\debug_sse42\bodycreationsettings.obj
d:\source-sdk-2011\src\vphysics_jolt\joltphysics\debug_sse42\characterbase.obj
d:\source-sdk-2011\src\vphysics_jolt\joltphysics\debug_sse42\collideconvexvstriangles.obj
d:\source-sdk-2011\src\vphysics_jolt\joltphysics\debug_sse42\debugrenderer.obj
d:\source-sdk-2011\src\vphysics_jolt\joltphysics\debug_sse42\manifoldbetweentwofaces.obj
d:\source-sdk-2011\src\vphysics_jolt\joltphysics\debug_sse42\objectstream.obj
d:\source-sdk-2011\src\vphysics_jolt\joltphysics\debug_sse42\objectstreambinaryout.obj
d:\source-sdk-2011\src\vphysics_jolt\joltphysics\debug_sse42\objectstreamtextout.obj
d:\source-sdk-2011\src\vphysics_jolt\joltphysics\debug_sse42\physicslock.obj
d:\source-sdk-2011\src\vphysics_jolt\joltphysics\debug_sse42\rotatedtranslatedshape.obj
d:\source-sdk-2011\src\vphysics_jolt\joltphysics\debug_sse42\sixdofconstraint.obj
d:\source-sdk-2011\src\vphysics_jolt\joltphysics\debug_sse42\staticcompoundshape.obj
d:\source-sdk-2011\src\vphysics_jolt\joltphysics\debug_sse42\bodyaccess.obj
d:\source-sdk-2011\src\vphysics_jolt\joltphysics\debug_sse42\capsuleshape.obj
d:\source-sdk-2011\src\vphysics_jolt\joltphysics\debug_sse42\charactervirtual.obj
d:\source-sdk-2011\src\vphysics_jolt\joltphysics\debug_sse42\gearconstraint.obj
d:\source-sdk-2011\src\vphysics_jolt\joltphysics\debug_sse42\issuereporting.obj
d:\source-sdk-2011\src\vphysics_jolt\joltphysics\debug_sse42\jobsystemwithbarrier.obj
d:\source-sdk-2011\src\vphysics_jolt\joltphysics\debug_sse42\objectstreamin.obj
d:\source-sdk-2011\src\vphysics_jolt\joltphysics\debug_sse42\physicsmaterialsimple.obj
d:\source-sdk-2011\src\vphysics_jolt\joltphysics\debug_sse42\pulleyconstraint.obj
d:\source-sdk-2011\src\vphysics_jolt\joltphysics\debug_sse42\registertypes.obj
d:\source-sdk-2011\src\vphysics_jolt\joltphysics\debug_sse42\skeletonmapper.obj
d:\source-sdk-2011\src\vphysics_jolt\joltphysics\debug_sse42\sphereshape.obj
d:\source-sdk-2011\src\vphysics_jolt\joltphysics\debug_sse42\transformedshape.obj
d:\source-sdk-2011\src\vphysics_jolt\joltphysics\debug_sse42\trianglesplitter.obj
d:\source-sdk-2011\src\vphysics_jolt\joltphysics\debug_sse42\trianglesplittermean.obj
d:\source-sdk-2011\src\vphysics_jolt\joltphysics\debug_sse42\uvec4.obj
d:\source-sdk-2011\src\vphysics_jolt\joltphysics\debug_sse42\vehiclecollisiontester.obj
d:\source-sdk-2011\src\vphysics_jolt\joltphysics\debug_sse42\body.obj
d:\source-sdk-2011\src\vphysics_jolt\joltphysics\debug_sse42\collisiondispatch.obj
d:\source-sdk-2011\src\vphysics_jolt\joltphysics\debug_sse42\convexhullbuilder.obj
d:\source-sdk-2011\src\vphysics_jolt\joltphysics\debug_sse42\convexshape.obj
d:\source-sdk-2011\src\vphysics_jolt\joltphysics\debug_sse42\massproperties.obj
d:\source-sdk-2011\src\vphysics_jolt\joltphysics\debug_sse42\mutablecompoundshape.obj
d:\source-sdk-2011\src\vphysics_jolt\joltphysics\debug_sse42\physicsscene.obj
d:\source-sdk-2011\src\vphysics_jolt\joltphysics\debug_sse42\swingtwistconstraint.obj
d:\source-sdk-2011\src\vphysics_jolt\joltphysics\debug_sse42\trianglesplitterfixedleafsize.obj
d:\source-sdk-2011\src\vphysics_jolt\joltphysics\debug_sse42\vec3.obj
d:\source-sdk-2011\src\vphysics_jolt\joltphysics\debug_sse42\vehicledifferential.obj
d:\source-sdk-2011\src\vphysics_jolt\joltphysics\debug_sse42\wheel.obj
d:\source-sdk-2011\src\vphysics_jolt\joltphysics\debug_sse42\bodymanager.obj
d:\source-sdk-2011\src\vphysics_jolt\joltphysics\debug_sse42\coneconstraint.obj
d:\source-sdk-2011\src\vphysics_jolt\joltphysics\debug_sse42\cylindershape.obj
d:\source-sdk-2011\src\vphysics_jolt\joltphysics\debug_sse42\determinismlog.obj
d:\source-sdk-2011\src\vphysics_jolt\joltphysics\debug_sse42\distanceconstraint.obj
d:\source-sdk-2011\src\vphysics_jolt\joltphysics\debug_sse42\hingeconstraint.obj
d:\source-sdk-2011\src\vphysics_jolt\joltphysics\debug_sse42\linearcurve.obj
d:\source-sdk-2011\src\vphysics_jolt\joltphysics\debug_sse42\motorsettings.obj
d:\source-sdk-2011\src\vphysics_jolt\joltphysics\debug_sse42\narrowphasestats.obj
d:\source-sdk-2011\src\vphysics_jolt\joltphysics\debug_sse42\objectstreambinaryin.obj
d:\source-sdk-2011\src\vphysics_jolt\joltphysics\debug_sse42\objectstreamtextin.obj
d:\source-sdk-2011\src\vphysics_jolt\joltphysics\debug_sse42\pathconstraint.obj
d:\source-sdk-2011\src\vphysics_jolt\joltphysics\debug_sse42\quadtree.obj
d:\source-sdk-2011\src\vphysics_jolt\joltphysics\debug_sse42\staterecorderimpl.obj
d:\source-sdk-2011\src\vphysics_jolt\joltphysics\debug_sse42\stringtools.obj
d:\source-sdk-2011\src\vphysics_jolt\joltphysics\debug_sse42\trackedvehiclecontroller.obj
d:\source-sdk-2011\src\vphysics_jolt\joltphysics\debug_sse42\broadphase.obj
d:\source-sdk-2011\src\vphysics_jolt\joltphysics\debug_sse42\castspherevstriangles.obj
d:\source-sdk-2011\src\vphysics_jolt\joltphysics\debug_sse42\collidespherevstriangles.obj
d:\source-sdk-2011\src\vphysics_jolt\joltphysics\debug_sse42\debugrendererrecorder.obj
d:\source-sdk-2011\src\vphysics_jolt\joltphysics\debug_sse42\motionproperties.obj
d:\source-sdk-2011\src\vphysics_jolt\joltphysics\debug_sse42\narrowphasequery.obj
d:\source-sdk-2011\src\vphysics_jolt\joltphysics\debug_sse42\pointconstraint.obj
d:\source-sdk-2011\src\vphysics_jolt\joltphysics\debug_sse42\rackandpinionconstraint.obj
d:\source-sdk-2011\src\vphysics_jolt\joltphysics\debug_sse42\serializableobject.obj
d:\source-sdk-2011\src\vphysics_jolt\joltphysics\debug_sse42\skeletalanimation.obj
d:\source-sdk-2011\src\vphysics_jolt\joltphysics\debug_sse42\sliderconstraint.obj
d:\source-sdk-2011\src\vphysics_jolt\joltphysics\debug_sse42\trianglegroupermorton.obj
d:\source-sdk-2011\src\vphysics_jolt\joltphysics\debug_sse42\trianglesplitterlongestaxis.obj
d:\source-sdk-2011\src\vphysics_jolt\joltphysics\debug_sse42\typedeclarations.obj
d:\source-sdk-2011\src\vphysics_jolt\joltphysics\debug_sse42\vehicleengine.obj
d:\source-sdk-2011\src\vphysics_jolt\joltphysics\debug_sse42\boxshape.obj
d:\source-sdk-2011\src\vphysics_jolt\joltphysics\debug_sse42\character.obj
d:\source-sdk-2011\src\vphysics_jolt\joltphysics\debug_sse42\debugrendererplayback.obj
d:\source-sdk-2011\src\vphysics_jolt\joltphysics\debug_sse42\memory.obj
d:\source-sdk-2011\src\vphysics_jolt\joltphysics\debug_sse42\meshshape.obj
d:\source-sdk-2011\src\vphysics_jolt\joltphysics\debug_sse42\ragdoll.obj
d:\source-sdk-2011\src\vphysics_jolt\joltphysics\debug_sse42\vehicletrack.obj
d:\source-sdk-2011\src\vphysics_jolt\joltphysics\debug_sse42\broadphasequadtree.obj
d:\source-sdk-2011\src\vphysics_jolt\joltphysics\debug_sse42\color.obj
d:\source-sdk-2011\src\vphysics_jolt\joltphysics\debug_sse42\constraint.obj
d:\source-sdk-2011\src\vphysics_jolt\joltphysics\debug_sse42\convexhullbuilder2d.obj
d:\source-sdk-2011\src\vphysics_jolt\joltphysics\debug_sse42\convexhullshape.obj
d:\source-sdk-2011\src\vphysics_jolt\joltphysics\debug_sse42\estimatecollisionresponse.obj
d:\source-sdk-2011\src\vphysics_jolt\joltphysics\debug_sse42\groupfilter.obj
d:\source-sdk-2011\src\vphysics_jolt\joltphysics\debug_sse42\heightfieldshape.obj
d:\source-sdk-2011\src\vphysics_jolt\joltphysics\debug_sse42\offsetcenterofmassshape.obj
d:\source-sdk-2011\src\vphysics_jolt\joltphysics\debug_sse42\physicssystem.obj
d:\source-sdk-2011\src\vphysics_jolt\joltphysics\debug_sse42\trianglegrouperclosestcentroid.obj
d:\source-sdk-2011\src\vphysics_jolt\joltphysics\debug_sse42\triangleshape.obj
d:\source-sdk-2011\src\vphysics_jolt\joltphysics\debug_sse42\vehicletransmission.obj
d:\source-sdk-2011\src\vphysics_jolt\joltphysics\debug_sse42\wheeledvehiclecontroller.obj
d:\theklaxon\source-sdk-2011\src\vphysics_jolt\joltphysics\joltphysics_inc.vpc.sentinel
d:\source-sdk-2011\src\lib\public\joltphysics_sse42.lib
d:\source-sdk-2011\src\vphysics_jolt\joltphysics\debug_sse42\joltphys.e89614b1.tlog\cl.command.1.tlog
d:\source-sdk-2011\src\vphysics_jolt\joltphysics\debug_sse42\joltphys.e89614b1.tlog\cl.read.1.tlog
d:\source-sdk-2011\src\vphysics_jolt\joltphysics\debug_sse42\joltphys.e89614b1.tlog\cl.write.1.tlog
d:\source-sdk-2011\src\vphysics_jolt\joltphysics\debug_sse42\joltphys.e89614b1.tlog\custombuild.command.1.tlog
d:\source-sdk-2011\src\vphysics_jolt\joltphysics\debug_sse42\joltphys.e89614b1.tlog\custombuild.read.1.tlog
d:\source-sdk-2011\src\vphysics_jolt\joltphysics\debug_sse42\joltphys.e89614b1.tlog\custombuild.write.1.tlog
d:\source-sdk-2011\src\vphysics_jolt\joltphysics\debug_sse42\joltphys.e89614b1.tlog\lib-link.read.1.tlog
d:\source-sdk-2011\src\vphysics_jolt\joltphysics\debug_sse42\joltphys.e89614b1.tlog\lib-link.write.1.tlog
d:\source-sdk-2011\src\vphysics_jolt\joltphysics\debug_sse42\joltphys.e89614b1.tlog\lib.command.1.tlog
