d:\source-sdk-2011\src\vphysics_jolt\vphysics_wrapper\debug\memoverride.obj
d:\source-sdk-2011\src\vphysics_jolt\vphysics_wrapper\debug\vphysics_wrapper.obj
d:\source-sdk-2011\src\vphysics_jolt\vphysics_wrapper\debug\2011_patch.obj
d:\source-sdk-2011\src\vphysics_jolt\vphysics_wrapper\debug\vc143.pdb
d:\source-sdk-2011\src\vphysics_jolt\vphysics_wrapper\debug\pointeroverride.obj
d:\theklaxon\source-sdk-2011\src\vphysics_jolt\vphysics_wrapper\vphysics_wrapper_inc.vpc.sentinel
d:\source2011\game\bin\vphysics.dll
d:\source-sdk-2011\src\vphysics_jolt\vphysics_wrapper\debug\vphysics.ilk
d:\source-sdk-2011\src\vphysics_jolt\vphysics_wrapper\debug\vphysics.pdb
d:\source2011\game\bin\vphysics.lib
d:\source2011\game\bin\vphysics.exp
d:\source-sdk-2011\src\vphysics_jolt\vphysics_wrapper\debug\vc143.idb
d:\source-sdk-2011\src\vphysics_jolt\vphysics_wrapper\debug\vphysics_wrapper.tlog\cl.25044.write.1.tlog
d:\source-sdk-2011\src\vphysics_jolt\vphysics_wrapper\debug\vphysics_wrapper.tlog\cl.command.1.tlog
d:\source-sdk-2011\src\vphysics_jolt\vphysics_wrapper\debug\vphysics_wrapper.tlog\cl.read.1.tlog
d:\source-sdk-2011\src\vphysics_jolt\vphysics_wrapper\debug\vphysics_wrapper.tlog\custombuild.command.1.tlog
d:\source-sdk-2011\src\vphysics_jolt\vphysics_wrapper\debug\vphysics_wrapper.tlog\custombuild.read.1.tlog
d:\source-sdk-2011\src\vphysics_jolt\vphysics_wrapper\debug\vphysics_wrapper.tlog\custombuild.write.1.tlog
d:\source-sdk-2011\src\vphysics_jolt\vphysics_wrapper\debug\vphysics_wrapper.tlog\link.command.1.tlog
d:\source-sdk-2011\src\vphysics_jolt\vphysics_wrapper\debug\vphysics_wrapper.tlog\link.read.1.tlog
d:\source-sdk-2011\src\vphysics_jolt\vphysics_wrapper\debug\vphysics_wrapper.tlog\link.write.1.tlog
d:\source-sdk-2011\src\vphysics_jolt\vphysics_wrapper\debug\vphysics_wrapper.tlog\vphysics_wrapper.write.1u.tlog
