d:\source-sdk-2011\src\vphysics_jolt\joltphysics\debug_sse2\joltphysics_sse2.pch
d:\source-sdk-2011\src\vphysics_jolt\joltphysics\debug_sse2\joltphysics_sse2.pdb
d:\source-sdk-2011\src\vphysics_jolt\joltphysics\debug_sse2\joltphysics_sse2.idb
d:\source-sdk-2011\src\vphysics_jolt\joltphysics\debug_sse2\pch.obj
d:\source-sdk-2011\src\vphysics_jolt\joltphysics\debug_sse2\collisiongroup.obj
d:\source-sdk-2011\src\vphysics_jolt\joltphysics\debug_sse2\collisiondispatch.obj
d:\source-sdk-2011\src\vphysics_jolt\joltphysics\debug_sse2\collidespherevstriangles.obj
d:\source-sdk-2011\src\vphysics_jolt\joltphysics\debug_sse2\collideconvexvstriangles.obj
d:\source-sdk-2011\src\vphysics_jolt\joltphysics\debug_sse2\charactervirtual.obj
d:\source-sdk-2011\src\vphysics_jolt\joltphysics\debug_sse2\characterbase.obj
d:\source-sdk-2011\src\vphysics_jolt\joltphysics\debug_sse2\character.obj
d:\source-sdk-2011\src\vphysics_jolt\joltphysics\debug_sse2\castspherevstriangles.obj
d:\source-sdk-2011\src\vphysics_jolt\joltphysics\debug_sse2\castconvexvstriangles.obj
d:\source-sdk-2011\src\vphysics_jolt\joltphysics\debug_sse2\capsuleshape.obj
d:\source-sdk-2011\src\vphysics_jolt\joltphysics\debug_sse2\broadphasequadtree.obj
d:\source-sdk-2011\src\vphysics_jolt\joltphysics\debug_sse2\broadphasebruteforce.obj
d:\source-sdk-2011\src\vphysics_jolt\joltphysics\debug_sse2\broadphase.obj
d:\source-sdk-2011\src\vphysics_jolt\joltphysics\debug_sse2\boxshape.obj
d:\source-sdk-2011\src\vphysics_jolt\joltphysics\debug_sse2\bodymanager.obj
d:\source-sdk-2011\src\vphysics_jolt\joltphysics\debug_sse2\bodyinterface.obj
d:\source-sdk-2011\src\vphysics_jolt\joltphysics\debug_sse2\bodycreationsettings.obj
d:\source-sdk-2011\src\vphysics_jolt\joltphysics\debug_sse2\bodyaccess.obj
d:\source-sdk-2011\src\vphysics_jolt\joltphysics\debug_sse2\body.obj
d:\source-sdk-2011\src\vphysics_jolt\joltphysics\debug_sse2\aabbtreebuilder.obj
d:\source-sdk-2011\src\vphysics_jolt\joltphysics\debug_sse2\fixedconstraint.obj
d:\source-sdk-2011\src\vphysics_jolt\joltphysics\debug_sse2\factory.obj
d:\source-sdk-2011\src\vphysics_jolt\joltphysics\debug_sse2\estimatecollisionresponse.obj
d:\source-sdk-2011\src\vphysics_jolt\joltphysics\debug_sse2\distanceconstraint.obj
d:\source-sdk-2011\src\vphysics_jolt\joltphysics\debug_sse2\determinismlog.obj
d:\source-sdk-2011\src\vphysics_jolt\joltphysics\debug_sse2\decoratedshape.obj
d:\source-sdk-2011\src\vphysics_jolt\joltphysics\debug_sse2\debugrendererrecorder.obj
d:\source-sdk-2011\src\vphysics_jolt\joltphysics\debug_sse2\debugrendererplayback.obj
d:\source-sdk-2011\src\vphysics_jolt\joltphysics\debug_sse2\debugrenderer.obj
d:\source-sdk-2011\src\vphysics_jolt\joltphysics\debug_sse2\cylindershape.obj
d:\source-sdk-2011\src\vphysics_jolt\joltphysics\debug_sse2\convexshape.obj
d:\source-sdk-2011\src\vphysics_jolt\joltphysics\debug_sse2\convexhullshape.obj
d:\source-sdk-2011\src\vphysics_jolt\joltphysics\debug_sse2\convexhullbuilder2d.obj
d:\source-sdk-2011\src\vphysics_jolt\joltphysics\debug_sse2\convexhullbuilder.obj
d:\source-sdk-2011\src\vphysics_jolt\joltphysics\debug_sse2\contactconstraintmanager.obj
d:\source-sdk-2011\src\vphysics_jolt\joltphysics\debug_sse2\constraintmanager.obj
d:\source-sdk-2011\src\vphysics_jolt\joltphysics\debug_sse2\constraint.obj
d:\source-sdk-2011\src\vphysics_jolt\joltphysics\debug_sse2\coneconstraint.obj
d:\source-sdk-2011\src\vphysics_jolt\joltphysics\debug_sse2\compoundshape.obj
d:\source-sdk-2011\src\vphysics_jolt\joltphysics\debug_sse2\color.obj
d:\source-sdk-2011\src\vphysics_jolt\joltphysics\debug_sse2\narrowphasequery.obj
d:\source-sdk-2011\src\vphysics_jolt\joltphysics\debug_sse2\mutablecompoundshape.obj
d:\source-sdk-2011\src\vphysics_jolt\joltphysics\debug_sse2\motorsettings.obj
d:\source-sdk-2011\src\vphysics_jolt\joltphysics\debug_sse2\motionproperties.obj
d:\source-sdk-2011\src\vphysics_jolt\joltphysics\debug_sse2\meshshape.obj
d:\source-sdk-2011\src\vphysics_jolt\joltphysics\debug_sse2\memory.obj
d:\source-sdk-2011\src\vphysics_jolt\joltphysics\debug_sse2\massproperties.obj
d:\source-sdk-2011\src\vphysics_jolt\joltphysics\debug_sse2\manifoldbetweentwofaces.obj
d:\source-sdk-2011\src\vphysics_jolt\joltphysics\debug_sse2\linearcurve.obj
d:\source-sdk-2011\src\vphysics_jolt\joltphysics\debug_sse2\largeislandsplitter.obj
d:\source-sdk-2011\src\vphysics_jolt\joltphysics\debug_sse2\jobsystemwithbarrier.obj
d:\source-sdk-2011\src\vphysics_jolt\joltphysics\debug_sse2\jobsystemthreadpool.obj
d:\source-sdk-2011\src\vphysics_jolt\joltphysics\debug_sse2\issuereporting.obj
d:\source-sdk-2011\src\vphysics_jolt\joltphysics\debug_sse2\islandbuilder.obj
d:\source-sdk-2011\src\vphysics_jolt\joltphysics\debug_sse2\indexify.obj
d:\source-sdk-2011\src\vphysics_jolt\joltphysics\debug_sse2\hingeconstraint.obj
d:\source-sdk-2011\src\vphysics_jolt\joltphysics\debug_sse2\heightfieldshape.obj
d:\source-sdk-2011\src\vphysics_jolt\joltphysics\debug_sse2\groupfiltertable.obj
d:\source-sdk-2011\src\vphysics_jolt\joltphysics\debug_sse2\groupfilter.obj
d:\source-sdk-2011\src\vphysics_jolt\joltphysics\debug_sse2\gearconstraint.obj
d:\source-sdk-2011\src\vphysics_jolt\joltphysics\debug_sse2\pointconstraint.obj
d:\source-sdk-2011\src\vphysics_jolt\joltphysics\debug_sse2\physicsupdatecontext.obj
d:\source-sdk-2011\src\vphysics_jolt\joltphysics\debug_sse2\physicssystem.obj
d:\source-sdk-2011\src\vphysics_jolt\joltphysics\debug_sse2\physicsscene.obj
d:\source-sdk-2011\src\vphysics_jolt\joltphysics\debug_sse2\physicsmaterialsimple.obj
d:\source-sdk-2011\src\vphysics_jolt\joltphysics\debug_sse2\physicsmaterial.obj
d:\source-sdk-2011\src\vphysics_jolt\joltphysics\debug_sse2\physicslock.obj
d:\source-sdk-2011\src\vphysics_jolt\joltphysics\debug_sse2\pathconstraintpathhermite.obj
d:\source-sdk-2011\src\vphysics_jolt\joltphysics\debug_sse2\pathconstraintpath.obj
d:\source-sdk-2011\src\vphysics_jolt\joltphysics\debug_sse2\pathconstraint.obj
d:\source-sdk-2011\src\vphysics_jolt\joltphysics\debug_sse2\orientedbox.obj
d:\source-sdk-2011\src\vphysics_jolt\joltphysics\debug_sse2\offsetcenterofmassshape.obj
d:\source-sdk-2011\src\vphysics_jolt\joltphysics\debug_sse2\objectstreamtextout.obj
d:\source-sdk-2011\src\vphysics_jolt\joltphysics\debug_sse2\objectstreamtextin.obj
d:\source-sdk-2011\src\vphysics_jolt\joltphysics\debug_sse2\objectstreamout.obj
d:\source-sdk-2011\src\vphysics_jolt\joltphysics\debug_sse2\objectstreamin.obj
d:\source-sdk-2011\src\vphysics_jolt\joltphysics\debug_sse2\objectstreambinaryout.obj
d:\source-sdk-2011\src\vphysics_jolt\joltphysics\debug_sse2\objectstreambinaryin.obj
d:\source-sdk-2011\src\vphysics_jolt\joltphysics\debug_sse2\objectstream.obj
d:\source-sdk-2011\src\vphysics_jolt\joltphysics\debug_sse2\narrowphasestats.obj
d:\source-sdk-2011\src\vphysics_jolt\joltphysics\debug_sse2\staterecorderimpl.obj
d:\source-sdk-2011\src\vphysics_jolt\joltphysics\debug_sse2\sphereshape.obj
d:\source-sdk-2011\src\vphysics_jolt\joltphysics\debug_sse2\sliderconstraint.obj
d:\source-sdk-2011\src\vphysics_jolt\joltphysics\debug_sse2\skeletonpose.obj
d:\source-sdk-2011\src\vphysics_jolt\joltphysics\debug_sse2\skeletonmapper.obj
d:\source-sdk-2011\src\vphysics_jolt\joltphysics\debug_sse2\skeleton.obj
d:\source-sdk-2011\src\vphysics_jolt\joltphysics\debug_sse2\skeletalanimation.obj
d:\source-sdk-2011\src\vphysics_jolt\joltphysics\debug_sse2\sixdofconstraint.obj
d:\source-sdk-2011\src\vphysics_jolt\joltphysics\debug_sse2\shape.obj
d:\source-sdk-2011\src\vphysics_jolt\joltphysics\debug_sse2\serializableobject.obj
d:\source-sdk-2011\src\vphysics_jolt\joltphysics\debug_sse2\semaphore.obj
d:\source-sdk-2011\src\vphysics_jolt\joltphysics\debug_sse2\scaledshape.obj
d:\source-sdk-2011\src\vphysics_jolt\joltphysics\debug_sse2\rtti.obj
d:\source-sdk-2011\src\vphysics_jolt\joltphysics\debug_sse2\rotatedtranslatedshape.obj
d:\source-sdk-2011\src\vphysics_jolt\joltphysics\debug_sse2\registertypes.obj
d:\source-sdk-2011\src\vphysics_jolt\joltphysics\debug_sse2\ragdoll.obj
d:\source-sdk-2011\src\vphysics_jolt\joltphysics\debug_sse2\rackandpinionconstraint.obj
d:\source-sdk-2011\src\vphysics_jolt\joltphysics\debug_sse2\quadtree.obj
d:\source-sdk-2011\src\vphysics_jolt\joltphysics\debug_sse2\pulleyconstraint.obj
d:\source-sdk-2011\src\vphysics_jolt\joltphysics\debug_sse2\profiler.obj
d:\source-sdk-2011\src\vphysics_jolt\joltphysics\debug_sse2\vec3.obj
d:\source-sdk-2011\src\vphysics_jolt\joltphysics\debug_sse2\uvec4.obj
d:\source-sdk-2011\src\vphysics_jolt\joltphysics\debug_sse2\typedeclarations.obj
d:\source-sdk-2011\src\vphysics_jolt\joltphysics\debug_sse2\twobodyconstraint.obj
d:\source-sdk-2011\src\vphysics_jolt\joltphysics\debug_sse2\trianglesplittermorton.obj
d:\source-sdk-2011\src\vphysics_jolt\joltphysics\debug_sse2\trianglesplittermean.obj
d:\source-sdk-2011\src\vphysics_jolt\joltphysics\debug_sse2\trianglesplitterlongestaxis.obj
d:\source-sdk-2011\src\vphysics_jolt\joltphysics\debug_sse2\trianglesplitterfixedleafsize.obj
d:\source-sdk-2011\src\vphysics_jolt\joltphysics\debug_sse2\trianglesplitterbinning.obj
d:\source-sdk-2011\src\vphysics_jolt\joltphysics\debug_sse2\trianglesplitter.obj
d:\source-sdk-2011\src\vphysics_jolt\joltphysics\debug_sse2\triangleshape.obj
d:\source-sdk-2011\src\vphysics_jolt\joltphysics\debug_sse2\trianglegroupermorton.obj
d:\source-sdk-2011\src\vphysics_jolt\joltphysics\debug_sse2\trianglegrouperclosestcentroid.obj
d:\source-sdk-2011\src\vphysics_jolt\joltphysics\debug_sse2\transformedshape.obj
d:\source-sdk-2011\src\vphysics_jolt\joltphysics\debug_sse2\trackedvehiclecontroller.obj
d:\source-sdk-2011\src\vphysics_jolt\joltphysics\debug_sse2\tickcounter.obj
d:\source-sdk-2011\src\vphysics_jolt\joltphysics\debug_sse2\taperedcapsuleshape.obj
d:\source-sdk-2011\src\vphysics_jolt\joltphysics\debug_sse2\swingtwistconstraint.obj
d:\source-sdk-2011\src\vphysics_jolt\joltphysics\debug_sse2\stringtools.obj
d:\source-sdk-2011\src\vphysics_jolt\joltphysics\debug_sse2\staticcompoundshape.obj
d:\source-sdk-2011\src\vphysics_jolt\joltphysics\debug_sse2\wheeledvehiclecontroller.obj
d:\source-sdk-2011\src\vphysics_jolt\joltphysics\debug_sse2\wheel.obj
d:\source-sdk-2011\src\vphysics_jolt\joltphysics\debug_sse2\vehicletransmission.obj
d:\source-sdk-2011\src\vphysics_jolt\joltphysics\debug_sse2\vehicletrack.obj
d:\source-sdk-2011\src\vphysics_jolt\joltphysics\debug_sse2\vehicleengine.obj
d:\source-sdk-2011\src\vphysics_jolt\joltphysics\debug_sse2\vehicledifferential.obj
d:\source-sdk-2011\src\vphysics_jolt\joltphysics\debug_sse2\vehiclecontroller.obj
d:\source-sdk-2011\src\vphysics_jolt\joltphysics\debug_sse2\vehicleconstraint.obj
d:\source-sdk-2011\src\vphysics_jolt\joltphysics\debug_sse2\vehiclecollisiontester.obj
d:\source-sdk-2011\src\vphysics_jolt\joltphysics\debug_sse2\vehicleantirollbar.obj
d:\theklaxon\source-sdk-2011\src\vphysics_jolt\joltphysics\joltphysics_inc.vpc.sentinel
d:\source-sdk-2011\src\lib\public\joltphysics_sse2.lib
d:\source-sdk-2011\src\vphysics_jolt\joltphysics\debug_sse2\joltphysics_sse2.tlog\cl.command.1.tlog
d:\source-sdk-2011\src\vphysics_jolt\joltphysics\debug_sse2\joltphysics_sse2.tlog\cl.read.1.tlog
d:\source-sdk-2011\src\vphysics_jolt\joltphysics\debug_sse2\joltphysics_sse2.tlog\cl.write.1.tlog
d:\source-sdk-2011\src\vphysics_jolt\joltphysics\debug_sse2\joltphysics_sse2.tlog\custombuild.command.1.tlog
d:\source-sdk-2011\src\vphysics_jolt\joltphysics\debug_sse2\joltphysics_sse2.tlog\custombuild.read.1.tlog
d:\source-sdk-2011\src\vphysics_jolt\joltphysics\debug_sse2\joltphysics_sse2.tlog\custombuild.write.1.tlog
d:\source-sdk-2011\src\vphysics_jolt\joltphysics\debug_sse2\joltphysics_sse2.tlog\lib-link.read.1.tlog
d:\source-sdk-2011\src\vphysics_jolt\joltphysics\debug_sse2\joltphysics_sse2.tlog\lib-link.write.1.tlog
d:\source-sdk-2011\src\vphysics_jolt\joltphysics\debug_sse2\joltphysics_sse2.tlog\lib.command.1.tlog
