  debug_lib_check.cpp
  addbuiltin_ops.cpp
  builtin_constraints.cpp
  builtin_initializers.cpp
  builtin_particle_emitters.cpp
  builtin_particle_forces.cpp
  builtin_particle_ops.cpp
  builtin_particle_render_ops.cpp
  particles.cpp
  particle_snapshot.cpp
  particle_sort.cpp
  patch.cpp
d:\theklaxon\emulsion-sdk\src\public\materialsystem\materialsystemutil.h(51): warning C4114: same type qualifier used more than once
d:\theklaxon\emulsion-sdk\src\public\materialsystem\materialsystemutil.h(51): warning C4114: same type qualifier used more than once
d:\theklaxon\emulsion-sdk\src\public\materialsystem\materialsystemutil.h(51): warning C4114: same type qualifier used more than once
d:\theklaxon\emulsion-sdk\src\public\materialsystem\materialsystemutil.h(51): warning C4114: same type qualifier used more than once
d:\theklaxon\emulsion-sdk\src\public\materialsystem\materialsystemutil.h(51): warning C4114: same type qualifier used more than once
d:\theklaxon\emulsion-sdk\src\public\materialsystem\materialsystemutil.h(51): warning C4114: same type qualifier used more than once
d:\theklaxon\emulsion-sdk\src\public\materialsystem\materialsystemutil.h(51): warning C4114: same type qualifier used more than once
d:\theklaxon\emulsion-sdk\src\public\materialsystem\materialsystemutil.h(51): warning C4114: same type qualifier used more than once
d:\theklaxon\emulsion-sdk\src\public\materialsystem\materialsystemutil.h(51): warning C4114: same type qualifier used more than once
d:\theklaxon\emulsion-sdk\src\public\materialsystem\materialsystemutil.h(51): warning C4114: same type qualifier used more than once
d:\theklaxon\emulsion-sdk\src\public\materialsystem\materialsystemutil.h(51): warning C4114: same type qualifier used more than once
d:\theklaxon\emulsion-sdk\src\particles\builtin_particle_render_ops.cpp(3539): warning C4189: 'a' : local variable is initialized but not referenced
d:\theklaxon\emulsion-sdk\src\particles\particles.cpp(408): warning C4189: 'name' : local variable is initialized but not referenced
  particles.vcxproj -> D:\theKlaxon\emulsion-sdk\src\particles\..\lib\public\.\particles.lib
