D:\THEKLAXON\EMULSION-SDK\SRC\LIB\PUBLIC\PARTICLES.LIB
D:\theKlaxon\emulsion-sdk\src\particles\..\lib\public\.\particles.lib
D:\THEKLAXON\EMULSION-SDK\SRC\PARTICLES\DEBUG\ADDBUILTIN_OPS.OBJ
D:\THEKLAXON\EMULSION-SDK\SRC\PARTICLES\DEBUG\BUILTIN_CONSTRAINTS.OBJ
D:\THEKLAXON\EMULSION-SDK\SRC\PARTICLES\DEBUG\BUILTIN_INITIALIZERS.OBJ
D:\THEKLAXON\EMULSION-SDK\SRC\PARTICLES\DEBUG\BUILTIN_PARTICLE_EMITTERS.OBJ
D:\THEKLAXON\EMULSION-SDK\SRC\PARTICLES\DEBUG\BUILTIN_PARTICLE_FORCES.OBJ
D:\THEKLAXON\EMULSION-SDK\SRC\PARTICLES\DEBUG\BUILTIN_PARTICLE_OPS.OBJ
D:\THEKLAXON\EMULSION-SDK\SRC\PARTICLES\DEBUG\BUILTIN_PARTICLE_RENDER_OPS.OBJ
D:\theKlaxon\emulsion-sdk\src\particles\Debug\CL.10500.read.1.tlog
D:\theKlaxon\emulsion-sdk\src\particles\Debug\CL.10500.write.1.tlog
D:\theKlaxon\emulsion-sdk\src\particles\Debug\CL.10532.read.1.tlog
D:\theKlaxon\emulsion-sdk\src\particles\Debug\CL.10532.write.1.tlog
D:\theKlaxon\emulsion-sdk\src\particles\Debug\CL.10536.read.1.tlog
D:\theKlaxon\emulsion-sdk\src\particles\Debug\CL.10536.write.1.tlog
D:\theKlaxon\emulsion-sdk\src\particles\Debug\CL.10768.read.1.tlog
D:\theKlaxon\emulsion-sdk\src\particles\Debug\CL.10768.write.1.tlog
D:\theKlaxon\emulsion-sdk\src\particles\Debug\CL.11124.read.1.tlog
D:\theKlaxon\emulsion-sdk\src\particles\Debug\CL.11124.write.1.tlog
D:\theKlaxon\emulsion-sdk\src\particles\Debug\CL.11608.read.1.tlog
D:\theKlaxon\emulsion-sdk\src\particles\Debug\CL.11608.write.1.tlog
D:\theKlaxon\emulsion-sdk\src\particles\Debug\CL.11628.read.1.tlog
D:\theKlaxon\emulsion-sdk\src\particles\Debug\CL.11628.write.1.tlog
D:\theKlaxon\emulsion-sdk\src\particles\Debug\CL.11992.read.1.tlog
D:\theKlaxon\emulsion-sdk\src\particles\Debug\CL.11992.write.1.tlog
D:\theKlaxon\emulsion-sdk\src\particles\Debug\CL.12260.read.1.tlog
D:\theKlaxon\emulsion-sdk\src\particles\Debug\CL.12260.write.1.tlog
D:\theKlaxon\emulsion-sdk\src\particles\Debug\CL.12372.read.1.tlog
D:\theKlaxon\emulsion-sdk\src\particles\Debug\CL.12372.write.1.tlog
D:\theKlaxon\emulsion-sdk\src\particles\Debug\CL.12468.read.1.tlog
D:\theKlaxon\emulsion-sdk\src\particles\Debug\CL.12468.write.1.tlog
D:\theKlaxon\emulsion-sdk\src\particles\Debug\CL.12824.read.1.tlog
D:\theKlaxon\emulsion-sdk\src\particles\Debug\CL.12824.write.1.tlog
D:\theKlaxon\emulsion-sdk\src\particles\Debug\CL.12896.read.1.tlog
D:\theKlaxon\emulsion-sdk\src\particles\Debug\CL.12896.write.1.tlog
D:\theKlaxon\emulsion-sdk\src\particles\Debug\CL.13168.read.1.tlog
D:\theKlaxon\emulsion-sdk\src\particles\Debug\CL.13168.write.1.tlog
D:\theKlaxon\emulsion-sdk\src\particles\Debug\CL.13768.read.1.tlog
D:\theKlaxon\emulsion-sdk\src\particles\Debug\CL.13768.write.1.tlog
D:\theKlaxon\emulsion-sdk\src\particles\Debug\CL.13796.read.1.tlog
D:\theKlaxon\emulsion-sdk\src\particles\Debug\CL.13796.write.1.tlog
D:\theKlaxon\emulsion-sdk\src\particles\Debug\CL.13956.read.1.tlog
D:\theKlaxon\emulsion-sdk\src\particles\Debug\CL.13956.write.1.tlog
D:\theKlaxon\emulsion-sdk\src\particles\Debug\CL.14076.read.1.tlog
D:\theKlaxon\emulsion-sdk\src\particles\Debug\CL.14076.write.1.tlog
D:\theKlaxon\emulsion-sdk\src\particles\Debug\CL.14192.read.1.tlog
D:\theKlaxon\emulsion-sdk\src\particles\Debug\CL.14192.write.1.tlog
D:\theKlaxon\emulsion-sdk\src\particles\Debug\CL.14960.read.1.tlog
D:\theKlaxon\emulsion-sdk\src\particles\Debug\CL.14960.write.1.tlog
D:\theKlaxon\emulsion-sdk\src\particles\Debug\CL.15240.read.1.tlog
D:\theKlaxon\emulsion-sdk\src\particles\Debug\CL.15240.write.1.tlog
D:\theKlaxon\emulsion-sdk\src\particles\Debug\CL.15320.read.1.tlog
D:\theKlaxon\emulsion-sdk\src\particles\Debug\CL.15320.write.1.tlog
D:\theKlaxon\emulsion-sdk\src\particles\Debug\CL.15356.read.1.tlog
D:\theKlaxon\emulsion-sdk\src\particles\Debug\CL.15356.write.1.tlog
D:\theKlaxon\emulsion-sdk\src\particles\Debug\CL.16000.read.1.tlog
D:\theKlaxon\emulsion-sdk\src\particles\Debug\CL.16000.write.1.tlog
D:\theKlaxon\emulsion-sdk\src\particles\Debug\CL.16620.read.1.tlog
D:\theKlaxon\emulsion-sdk\src\particles\Debug\CL.16620.write.1.tlog
D:\theKlaxon\emulsion-sdk\src\particles\Debug\CL.16624.read.1.tlog
D:\theKlaxon\emulsion-sdk\src\particles\Debug\CL.16624.write.1.tlog
D:\theKlaxon\emulsion-sdk\src\particles\Debug\CL.168.read.1.tlog
D:\theKlaxon\emulsion-sdk\src\particles\Debug\CL.168.write.1.tlog
D:\theKlaxon\emulsion-sdk\src\particles\Debug\CL.16988.read.1.tlog
D:\theKlaxon\emulsion-sdk\src\particles\Debug\CL.16988.write.1.tlog
D:\theKlaxon\emulsion-sdk\src\particles\Debug\CL.17436.read.1.tlog
D:\theKlaxon\emulsion-sdk\src\particles\Debug\CL.17436.write.1.tlog
D:\theKlaxon\emulsion-sdk\src\particles\Debug\CL.18064.read.1.tlog
D:\theKlaxon\emulsion-sdk\src\particles\Debug\CL.18064.write.1.tlog
D:\theKlaxon\emulsion-sdk\src\particles\Debug\CL.18872.read.1.tlog
D:\theKlaxon\emulsion-sdk\src\particles\Debug\CL.18872.write.1.tlog
D:\theKlaxon\emulsion-sdk\src\particles\Debug\CL.19064.read.1.tlog
D:\theKlaxon\emulsion-sdk\src\particles\Debug\CL.19064.write.1.tlog
D:\theKlaxon\emulsion-sdk\src\particles\Debug\CL.19284.read.1.tlog
D:\theKlaxon\emulsion-sdk\src\particles\Debug\CL.19284.write.1.tlog
D:\theKlaxon\emulsion-sdk\src\particles\Debug\CL.19360.read.1.tlog
D:\theKlaxon\emulsion-sdk\src\particles\Debug\CL.19360.write.1.tlog
D:\theKlaxon\emulsion-sdk\src\particles\Debug\CL.19764.read.1.tlog
D:\theKlaxon\emulsion-sdk\src\particles\Debug\CL.19764.write.1.tlog
D:\theKlaxon\emulsion-sdk\src\particles\Debug\CL.20764.read.1.tlog
D:\theKlaxon\emulsion-sdk\src\particles\Debug\CL.20764.write.1.tlog
D:\theKlaxon\emulsion-sdk\src\particles\Debug\CL.2092.read.1.tlog
D:\theKlaxon\emulsion-sdk\src\particles\Debug\CL.2092.write.1.tlog
D:\theKlaxon\emulsion-sdk\src\particles\Debug\CL.21224.read.1.tlog
D:\theKlaxon\emulsion-sdk\src\particles\Debug\CL.21224.write.1.tlog
D:\theKlaxon\emulsion-sdk\src\particles\Debug\CL.22168.read.1.tlog
D:\theKlaxon\emulsion-sdk\src\particles\Debug\CL.22168.write.1.tlog
D:\theKlaxon\emulsion-sdk\src\particles\Debug\CL.22396.read.1.tlog
D:\theKlaxon\emulsion-sdk\src\particles\Debug\CL.22396.write.1.tlog
D:\theKlaxon\emulsion-sdk\src\particles\Debug\CL.22400.read.1.tlog
D:\theKlaxon\emulsion-sdk\src\particles\Debug\CL.22400.write.1.tlog
D:\theKlaxon\emulsion-sdk\src\particles\Debug\CL.22664.read.1.tlog
D:\theKlaxon\emulsion-sdk\src\particles\Debug\CL.22664.write.1.tlog
D:\theKlaxon\emulsion-sdk\src\particles\Debug\CL.22692.read.1.tlog
D:\theKlaxon\emulsion-sdk\src\particles\Debug\CL.22692.write.1.tlog
D:\theKlaxon\emulsion-sdk\src\particles\Debug\CL.22976.read.1.tlog
D:\theKlaxon\emulsion-sdk\src\particles\Debug\CL.22976.write.1.tlog
D:\theKlaxon\emulsion-sdk\src\particles\Debug\CL.23720.read.1.tlog
D:\theKlaxon\emulsion-sdk\src\particles\Debug\CL.23720.write.1.tlog
D:\theKlaxon\emulsion-sdk\src\particles\Debug\CL.23932.read.1.tlog
D:\theKlaxon\emulsion-sdk\src\particles\Debug\CL.23932.write.1.tlog
D:\theKlaxon\emulsion-sdk\src\particles\Debug\CL.23940.read.1.tlog
D:\theKlaxon\emulsion-sdk\src\particles\Debug\CL.23940.write.1.tlog
D:\theKlaxon\emulsion-sdk\src\particles\Debug\CL.24688.read.1.tlog
D:\theKlaxon\emulsion-sdk\src\particles\Debug\CL.24688.write.1.tlog
D:\theKlaxon\emulsion-sdk\src\particles\Debug\CL.24728.read.1.tlog
D:\theKlaxon\emulsion-sdk\src\particles\Debug\CL.24728.write.1.tlog
D:\theKlaxon\emulsion-sdk\src\particles\Debug\CL.24844.read.1.tlog
D:\theKlaxon\emulsion-sdk\src\particles\Debug\CL.24844.write.1.tlog
D:\theKlaxon\emulsion-sdk\src\particles\Debug\CL.25032.read.1.tlog
D:\theKlaxon\emulsion-sdk\src\particles\Debug\CL.25032.write.1.tlog
D:\theKlaxon\emulsion-sdk\src\particles\Debug\CL.25184.read.1.tlog
D:\theKlaxon\emulsion-sdk\src\particles\Debug\CL.25184.write.1.tlog
D:\theKlaxon\emulsion-sdk\src\particles\Debug\CL.25864.read.1.tlog
D:\theKlaxon\emulsion-sdk\src\particles\Debug\CL.25864.write.1.tlog
D:\theKlaxon\emulsion-sdk\src\particles\Debug\CL.25912.read.1.tlog
D:\theKlaxon\emulsion-sdk\src\particles\Debug\CL.25912.write.1.tlog
D:\theKlaxon\emulsion-sdk\src\particles\Debug\CL.26172.read.1.tlog
D:\theKlaxon\emulsion-sdk\src\particles\Debug\CL.26172.write.1.tlog
D:\theKlaxon\emulsion-sdk\src\particles\Debug\CL.26288.read.1.tlog
D:\theKlaxon\emulsion-sdk\src\particles\Debug\CL.26288.write.1.tlog
D:\theKlaxon\emulsion-sdk\src\particles\Debug\CL.26608.read.1.tlog
D:\theKlaxon\emulsion-sdk\src\particles\Debug\CL.26608.write.1.tlog
D:\theKlaxon\emulsion-sdk\src\particles\Debug\CL.26972.read.1.tlog
D:\theKlaxon\emulsion-sdk\src\particles\Debug\CL.26972.write.1.tlog
D:\theKlaxon\emulsion-sdk\src\particles\Debug\CL.27008.read.1.tlog
D:\theKlaxon\emulsion-sdk\src\particles\Debug\CL.27008.write.1.tlog
D:\theKlaxon\emulsion-sdk\src\particles\Debug\CL.27108.read.1.tlog
D:\theKlaxon\emulsion-sdk\src\particles\Debug\CL.27108.write.1.tlog
D:\theKlaxon\emulsion-sdk\src\particles\Debug\CL.27268.read.1.tlog
D:\theKlaxon\emulsion-sdk\src\particles\Debug\CL.27268.write.1.tlog
D:\theKlaxon\emulsion-sdk\src\particles\Debug\CL.27304.read.1.tlog
D:\theKlaxon\emulsion-sdk\src\particles\Debug\CL.27304.write.1.tlog
D:\theKlaxon\emulsion-sdk\src\particles\Debug\CL.27312.read.1.tlog
D:\theKlaxon\emulsion-sdk\src\particles\Debug\CL.27312.write.1.tlog
D:\theKlaxon\emulsion-sdk\src\particles\Debug\CL.27420.read.1.tlog
D:\theKlaxon\emulsion-sdk\src\particles\Debug\CL.27420.write.1.tlog
D:\theKlaxon\emulsion-sdk\src\particles\Debug\CL.27472.read.1.tlog
D:\theKlaxon\emulsion-sdk\src\particles\Debug\CL.27472.write.1.tlog
D:\theKlaxon\emulsion-sdk\src\particles\Debug\CL.27588.read.1.tlog
D:\theKlaxon\emulsion-sdk\src\particles\Debug\CL.27588.write.1.tlog
D:\theKlaxon\emulsion-sdk\src\particles\Debug\CL.28136.read.1.tlog
D:\theKlaxon\emulsion-sdk\src\particles\Debug\CL.28136.write.1.tlog
D:\theKlaxon\emulsion-sdk\src\particles\Debug\CL.28140.read.1.tlog
D:\theKlaxon\emulsion-sdk\src\particles\Debug\CL.28140.write.1.tlog
D:\theKlaxon\emulsion-sdk\src\particles\Debug\CL.28268.read.1.tlog
D:\theKlaxon\emulsion-sdk\src\particles\Debug\CL.28268.write.1.tlog
D:\theKlaxon\emulsion-sdk\src\particles\Debug\CL.28312.read.1.tlog
D:\theKlaxon\emulsion-sdk\src\particles\Debug\CL.28312.write.1.tlog
D:\theKlaxon\emulsion-sdk\src\particles\Debug\CL.28316.read.1.tlog
D:\theKlaxon\emulsion-sdk\src\particles\Debug\CL.28316.write.1.tlog
D:\theKlaxon\emulsion-sdk\src\particles\Debug\CL.28856.read.1.tlog
D:\theKlaxon\emulsion-sdk\src\particles\Debug\CL.28856.write.1.tlog
D:\theKlaxon\emulsion-sdk\src\particles\Debug\CL.29004.read.1.tlog
D:\theKlaxon\emulsion-sdk\src\particles\Debug\CL.29004.write.1.tlog
D:\theKlaxon\emulsion-sdk\src\particles\Debug\CL.29152.read.1.tlog
D:\theKlaxon\emulsion-sdk\src\particles\Debug\CL.29152.write.1.tlog
D:\theKlaxon\emulsion-sdk\src\particles\Debug\CL.29608.read.1.tlog
D:\theKlaxon\emulsion-sdk\src\particles\Debug\CL.29608.write.1.tlog
D:\theKlaxon\emulsion-sdk\src\particles\Debug\CL.29620.read.1.tlog
D:\theKlaxon\emulsion-sdk\src\particles\Debug\CL.29620.write.1.tlog
D:\theKlaxon\emulsion-sdk\src\particles\Debug\CL.29744.read.1.tlog
D:\theKlaxon\emulsion-sdk\src\particles\Debug\CL.29744.write.1.tlog
D:\theKlaxon\emulsion-sdk\src\particles\Debug\CL.29800.read.1.tlog
D:\theKlaxon\emulsion-sdk\src\particles\Debug\CL.29800.write.1.tlog
D:\theKlaxon\emulsion-sdk\src\particles\Debug\CL.29828.read.1.tlog
D:\theKlaxon\emulsion-sdk\src\particles\Debug\CL.29828.write.1.tlog
D:\theKlaxon\emulsion-sdk\src\particles\Debug\CL.29992.read.1.tlog
D:\theKlaxon\emulsion-sdk\src\particles\Debug\CL.29992.write.1.tlog
D:\theKlaxon\emulsion-sdk\src\particles\Debug\CL.30060.read.1.tlog
D:\theKlaxon\emulsion-sdk\src\particles\Debug\CL.30060.write.1.tlog
D:\theKlaxon\emulsion-sdk\src\particles\Debug\CL.30468.read.1.tlog
D:\theKlaxon\emulsion-sdk\src\particles\Debug\CL.30468.write.1.tlog
D:\theKlaxon\emulsion-sdk\src\particles\Debug\CL.30760.read.1.tlog
D:\theKlaxon\emulsion-sdk\src\particles\Debug\CL.30760.write.1.tlog
D:\theKlaxon\emulsion-sdk\src\particles\Debug\CL.30876.read.1.tlog
D:\theKlaxon\emulsion-sdk\src\particles\Debug\CL.30876.write.1.tlog
D:\theKlaxon\emulsion-sdk\src\particles\Debug\CL.30900.read.1.tlog
D:\theKlaxon\emulsion-sdk\src\particles\Debug\CL.30900.write.1.tlog
D:\theKlaxon\emulsion-sdk\src\particles\Debug\CL.30992.read.1.tlog
D:\theKlaxon\emulsion-sdk\src\particles\Debug\CL.30992.write.1.tlog
D:\theKlaxon\emulsion-sdk\src\particles\Debug\CL.31060.read.1.tlog
D:\theKlaxon\emulsion-sdk\src\particles\Debug\CL.31060.write.1.tlog
D:\theKlaxon\emulsion-sdk\src\particles\Debug\CL.31128.read.1.tlog
D:\theKlaxon\emulsion-sdk\src\particles\Debug\CL.31128.write.1.tlog
D:\theKlaxon\emulsion-sdk\src\particles\Debug\CL.31336.read.1.tlog
D:\theKlaxon\emulsion-sdk\src\particles\Debug\CL.31336.write.1.tlog
D:\theKlaxon\emulsion-sdk\src\particles\Debug\CL.31576.read.1.tlog
D:\theKlaxon\emulsion-sdk\src\particles\Debug\CL.31576.write.1.tlog
D:\theKlaxon\emulsion-sdk\src\particles\Debug\CL.31824.read.1.tlog
D:\theKlaxon\emulsion-sdk\src\particles\Debug\CL.31824.write.1.tlog
D:\theKlaxon\emulsion-sdk\src\particles\Debug\CL.31932.read.1.tlog
D:\theKlaxon\emulsion-sdk\src\particles\Debug\CL.31932.write.1.tlog
D:\theKlaxon\emulsion-sdk\src\particles\Debug\CL.31944.read.1.tlog
D:\theKlaxon\emulsion-sdk\src\particles\Debug\CL.31944.write.1.tlog
D:\theKlaxon\emulsion-sdk\src\particles\Debug\CL.32004.read.1.tlog
D:\theKlaxon\emulsion-sdk\src\particles\Debug\CL.32004.write.1.tlog
D:\theKlaxon\emulsion-sdk\src\particles\Debug\CL.32128.read.1.tlog
D:\theKlaxon\emulsion-sdk\src\particles\Debug\CL.32128.write.1.tlog
D:\theKlaxon\emulsion-sdk\src\particles\Debug\CL.32724.read.1.tlog
D:\theKlaxon\emulsion-sdk\src\particles\Debug\CL.32724.write.1.tlog
D:\theKlaxon\emulsion-sdk\src\particles\Debug\CL.33024.read.1.tlog
D:\theKlaxon\emulsion-sdk\src\particles\Debug\CL.33024.write.1.tlog
D:\theKlaxon\emulsion-sdk\src\particles\Debug\CL.33096.read.1.tlog
D:\theKlaxon\emulsion-sdk\src\particles\Debug\CL.33096.write.1.tlog
D:\theKlaxon\emulsion-sdk\src\particles\Debug\CL.33124.read.1.tlog
D:\theKlaxon\emulsion-sdk\src\particles\Debug\CL.33124.write.1.tlog
D:\theKlaxon\emulsion-sdk\src\particles\Debug\CL.33508.read.1.tlog
D:\theKlaxon\emulsion-sdk\src\particles\Debug\CL.33508.write.1.tlog
D:\theKlaxon\emulsion-sdk\src\particles\Debug\CL.33524.read.1.tlog
D:\theKlaxon\emulsion-sdk\src\particles\Debug\CL.33524.write.1.tlog
D:\theKlaxon\emulsion-sdk\src\particles\Debug\CL.33648.read.1.tlog
D:\theKlaxon\emulsion-sdk\src\particles\Debug\CL.33648.write.1.tlog
D:\theKlaxon\emulsion-sdk\src\particles\Debug\CL.33760.read.1.tlog
D:\theKlaxon\emulsion-sdk\src\particles\Debug\CL.33760.write.1.tlog
D:\theKlaxon\emulsion-sdk\src\particles\Debug\CL.33900.read.1.tlog
D:\theKlaxon\emulsion-sdk\src\particles\Debug\CL.33900.write.1.tlog
D:\theKlaxon\emulsion-sdk\src\particles\Debug\CL.33956.read.1.tlog
D:\theKlaxon\emulsion-sdk\src\particles\Debug\CL.33956.write.1.tlog
D:\theKlaxon\emulsion-sdk\src\particles\Debug\CL.33988.read.1.tlog
D:\theKlaxon\emulsion-sdk\src\particles\Debug\CL.33988.write.1.tlog
D:\theKlaxon\emulsion-sdk\src\particles\Debug\CL.34180.read.1.tlog
D:\theKlaxon\emulsion-sdk\src\particles\Debug\CL.34180.write.1.tlog
D:\theKlaxon\emulsion-sdk\src\particles\Debug\CL.34364.read.1.tlog
D:\theKlaxon\emulsion-sdk\src\particles\Debug\CL.34364.write.1.tlog
D:\theKlaxon\emulsion-sdk\src\particles\Debug\CL.34392.read.1.tlog
D:\theKlaxon\emulsion-sdk\src\particles\Debug\CL.34392.write.1.tlog
D:\theKlaxon\emulsion-sdk\src\particles\Debug\CL.34664.read.1.tlog
D:\theKlaxon\emulsion-sdk\src\particles\Debug\CL.34664.write.1.tlog
D:\theKlaxon\emulsion-sdk\src\particles\Debug\CL.34744.read.1.tlog
D:\theKlaxon\emulsion-sdk\src\particles\Debug\CL.34744.write.1.tlog
D:\theKlaxon\emulsion-sdk\src\particles\Debug\CL.34776.read.1.tlog
D:\theKlaxon\emulsion-sdk\src\particles\Debug\CL.34776.write.1.tlog
D:\theKlaxon\emulsion-sdk\src\particles\Debug\CL.35436.read.1.tlog
D:\theKlaxon\emulsion-sdk\src\particles\Debug\CL.35436.write.1.tlog
D:\theKlaxon\emulsion-sdk\src\particles\Debug\CL.35804.read.1.tlog
D:\theKlaxon\emulsion-sdk\src\particles\Debug\CL.35804.write.1.tlog
D:\theKlaxon\emulsion-sdk\src\particles\Debug\CL.35832.read.1.tlog
D:\theKlaxon\emulsion-sdk\src\particles\Debug\CL.35832.write.1.tlog
D:\theKlaxon\emulsion-sdk\src\particles\Debug\CL.36044.read.1.tlog
D:\theKlaxon\emulsion-sdk\src\particles\Debug\CL.36044.write.1.tlog
D:\theKlaxon\emulsion-sdk\src\particles\Debug\CL.36368.read.1.tlog
D:\theKlaxon\emulsion-sdk\src\particles\Debug\CL.36368.write.1.tlog
D:\theKlaxon\emulsion-sdk\src\particles\Debug\CL.36484.read.1.tlog
D:\theKlaxon\emulsion-sdk\src\particles\Debug\CL.36484.write.1.tlog
D:\theKlaxon\emulsion-sdk\src\particles\Debug\CL.36492.read.1.tlog
D:\theKlaxon\emulsion-sdk\src\particles\Debug\CL.36492.write.1.tlog
D:\theKlaxon\emulsion-sdk\src\particles\Debug\CL.36500.read.1.tlog
D:\theKlaxon\emulsion-sdk\src\particles\Debug\CL.36500.write.1.tlog
D:\theKlaxon\emulsion-sdk\src\particles\Debug\CL.36584.read.1.tlog
D:\theKlaxon\emulsion-sdk\src\particles\Debug\CL.36584.write.1.tlog
D:\theKlaxon\emulsion-sdk\src\particles\Debug\CL.3680.read.1.tlog
D:\theKlaxon\emulsion-sdk\src\particles\Debug\CL.3680.write.1.tlog
D:\theKlaxon\emulsion-sdk\src\particles\Debug\CL.37288.read.1.tlog
D:\theKlaxon\emulsion-sdk\src\particles\Debug\CL.37288.write.1.tlog
D:\theKlaxon\emulsion-sdk\src\particles\Debug\CL.37340.read.1.tlog
D:\theKlaxon\emulsion-sdk\src\particles\Debug\CL.37340.write.1.tlog
D:\theKlaxon\emulsion-sdk\src\particles\Debug\CL.37600.read.1.tlog
D:\theKlaxon\emulsion-sdk\src\particles\Debug\CL.37600.write.1.tlog
D:\theKlaxon\emulsion-sdk\src\particles\Debug\CL.37640.read.1.tlog
D:\theKlaxon\emulsion-sdk\src\particles\Debug\CL.37640.write.1.tlog
D:\theKlaxon\emulsion-sdk\src\particles\Debug\CL.37732.read.1.tlog
D:\theKlaxon\emulsion-sdk\src\particles\Debug\CL.37732.write.1.tlog
D:\theKlaxon\emulsion-sdk\src\particles\Debug\CL.37768.read.1.tlog
D:\theKlaxon\emulsion-sdk\src\particles\Debug\CL.37768.write.1.tlog
D:\theKlaxon\emulsion-sdk\src\particles\Debug\CL.37932.read.1.tlog
D:\theKlaxon\emulsion-sdk\src\particles\Debug\CL.37932.write.1.tlog
D:\theKlaxon\emulsion-sdk\src\particles\Debug\CL.38076.read.1.tlog
D:\theKlaxon\emulsion-sdk\src\particles\Debug\CL.38076.write.1.tlog
D:\theKlaxon\emulsion-sdk\src\particles\Debug\CL.38084.read.1.tlog
D:\theKlaxon\emulsion-sdk\src\particles\Debug\CL.38084.write.1.tlog
D:\theKlaxon\emulsion-sdk\src\particles\Debug\CL.38144.read.1.tlog
D:\theKlaxon\emulsion-sdk\src\particles\Debug\CL.38144.write.1.tlog
D:\theKlaxon\emulsion-sdk\src\particles\Debug\CL.38296.read.1.tlog
D:\theKlaxon\emulsion-sdk\src\particles\Debug\CL.38296.write.1.tlog
D:\theKlaxon\emulsion-sdk\src\particles\Debug\CL.38380.read.1.tlog
D:\theKlaxon\emulsion-sdk\src\particles\Debug\CL.38380.write.1.tlog
D:\theKlaxon\emulsion-sdk\src\particles\Debug\CL.38784.read.1.tlog
D:\theKlaxon\emulsion-sdk\src\particles\Debug\CL.38784.write.1.tlog
D:\theKlaxon\emulsion-sdk\src\particles\Debug\CL.38796.read.1.tlog
D:\theKlaxon\emulsion-sdk\src\particles\Debug\CL.38796.write.1.tlog
D:\theKlaxon\emulsion-sdk\src\particles\Debug\CL.38812.read.1.tlog
D:\theKlaxon\emulsion-sdk\src\particles\Debug\CL.38812.write.1.tlog
D:\theKlaxon\emulsion-sdk\src\particles\Debug\CL.39004.read.1.tlog
D:\theKlaxon\emulsion-sdk\src\particles\Debug\CL.39004.write.1.tlog
D:\theKlaxon\emulsion-sdk\src\particles\Debug\CL.39168.read.1.tlog
D:\theKlaxon\emulsion-sdk\src\particles\Debug\CL.39168.write.1.tlog
D:\theKlaxon\emulsion-sdk\src\particles\Debug\CL.39244.read.1.tlog
D:\theKlaxon\emulsion-sdk\src\particles\Debug\CL.39244.write.1.tlog
D:\theKlaxon\emulsion-sdk\src\particles\Debug\CL.3932.read.1.tlog
D:\theKlaxon\emulsion-sdk\src\particles\Debug\CL.3932.write.1.tlog
D:\theKlaxon\emulsion-sdk\src\particles\Debug\CL.39356.read.1.tlog
D:\theKlaxon\emulsion-sdk\src\particles\Debug\CL.39356.write.1.tlog
D:\theKlaxon\emulsion-sdk\src\particles\Debug\CL.39372.read.1.tlog
D:\theKlaxon\emulsion-sdk\src\particles\Debug\CL.39372.write.1.tlog
D:\theKlaxon\emulsion-sdk\src\particles\Debug\CL.39496.read.1.tlog
D:\theKlaxon\emulsion-sdk\src\particles\Debug\CL.39496.write.1.tlog
D:\theKlaxon\emulsion-sdk\src\particles\Debug\CL.3952.read.1.tlog
D:\theKlaxon\emulsion-sdk\src\particles\Debug\CL.3952.write.1.tlog
D:\theKlaxon\emulsion-sdk\src\particles\Debug\CL.39572.read.1.tlog
D:\theKlaxon\emulsion-sdk\src\particles\Debug\CL.39572.write.1.tlog
D:\theKlaxon\emulsion-sdk\src\particles\Debug\CL.39680.read.1.tlog
D:\theKlaxon\emulsion-sdk\src\particles\Debug\CL.39680.write.1.tlog
D:\theKlaxon\emulsion-sdk\src\particles\Debug\CL.39688.read.1.tlog
D:\theKlaxon\emulsion-sdk\src\particles\Debug\CL.39688.write.1.tlog
D:\theKlaxon\emulsion-sdk\src\particles\Debug\CL.39748.read.1.tlog
D:\theKlaxon\emulsion-sdk\src\particles\Debug\CL.39748.write.1.tlog
D:\theKlaxon\emulsion-sdk\src\particles\Debug\CL.4360.read.1.tlog
D:\theKlaxon\emulsion-sdk\src\particles\Debug\CL.4360.write.1.tlog
D:\theKlaxon\emulsion-sdk\src\particles\Debug\CL.4552.read.1.tlog
D:\theKlaxon\emulsion-sdk\src\particles\Debug\CL.4552.write.1.tlog
D:\theKlaxon\emulsion-sdk\src\particles\Debug\CL.4696.read.1.tlog
D:\theKlaxon\emulsion-sdk\src\particles\Debug\CL.4696.write.1.tlog
D:\theKlaxon\emulsion-sdk\src\particles\Debug\CL.5056.read.1.tlog
D:\theKlaxon\emulsion-sdk\src\particles\Debug\CL.5056.write.1.tlog
D:\theKlaxon\emulsion-sdk\src\particles\Debug\CL.5620.read.1.tlog
D:\theKlaxon\emulsion-sdk\src\particles\Debug\CL.5620.write.1.tlog
D:\theKlaxon\emulsion-sdk\src\particles\Debug\CL.5696.read.1.tlog
D:\theKlaxon\emulsion-sdk\src\particles\Debug\CL.5696.write.1.tlog
D:\theKlaxon\emulsion-sdk\src\particles\Debug\CL.5784.read.1.tlog
D:\theKlaxon\emulsion-sdk\src\particles\Debug\CL.5784.write.1.tlog
D:\theKlaxon\emulsion-sdk\src\particles\Debug\CL.6868.read.1.tlog
D:\theKlaxon\emulsion-sdk\src\particles\Debug\CL.6868.write.1.tlog
D:\theKlaxon\emulsion-sdk\src\particles\Debug\CL.7524.read.1.tlog
D:\theKlaxon\emulsion-sdk\src\particles\Debug\CL.7524.write.1.tlog
D:\theKlaxon\emulsion-sdk\src\particles\Debug\CL.7792.read.1.tlog
D:\theKlaxon\emulsion-sdk\src\particles\Debug\CL.7792.write.1.tlog
D:\theKlaxon\emulsion-sdk\src\particles\Debug\CL.876.read.1.tlog
D:\theKlaxon\emulsion-sdk\src\particles\Debug\CL.876.write.1.tlog
D:\theKlaxon\emulsion-sdk\src\particles\Debug\CL.8944.read.1.tlog
D:\theKlaxon\emulsion-sdk\src\particles\Debug\CL.8944.write.1.tlog
D:\theKlaxon\emulsion-sdk\src\particles\Debug\CL.9336.read.1.tlog
D:\theKlaxon\emulsion-sdk\src\particles\Debug\CL.9336.write.1.tlog
D:\theKlaxon\emulsion-sdk\src\particles\Debug\cl.command.1.tlog
D:\theKlaxon\emulsion-sdk\src\particles\Debug\CL.read.1.tlog
D:\theKlaxon\emulsion-sdk\src\particles\Debug\cl.write.1.tlog
D:\theKlaxon\emulsion-sdk\src\particles\Debug\debug_lib_check.obj
D:\theKlaxon\emulsion-sdk\src\particles\Debug\lib.command.1.tlog
D:\theKlaxon\emulsion-sdk\src\particles\Debug\Lib-link.read.1.tlog
D:\theKlaxon\emulsion-sdk\src\particles\Debug\Lib-link.write.1.tlog
D:\THEKLAXON\EMULSION-SDK\SRC\PARTICLES\DEBUG\PARTICLE_SNAPSHOT.OBJ
D:\THEKLAXON\EMULSION-SDK\SRC\PARTICLES\DEBUG\PARTICLE_SORT.OBJ
D:\THEKLAXON\EMULSION-SDK\SRC\PARTICLES\DEBUG\PARTICLES.OBJ
D:\THEKLAXON\EMULSION-SDK\SRC\PARTICLES\DEBUG\PATCH.OBJ
D:\theKlaxon\emulsion-sdk\src\particles\Debug\vc100.idb
D:\THEKLAXON\EMULSION-SDK\SRC\PARTICLES\DEBUG\VC100.PDB
