  Running VPC CRC Check - joltphysics_inc.vpc
  pch.cpp
  AABBTreeBuilder.cpp
  Body.cpp
  BodyAccess.cpp
  BodyCreationSettings.cpp
  BodyInterface.cpp
  BodyManager.cpp
  BoxShape.cpp
  BroadPhase.cpp
  BroadPhaseBruteForce.cpp
  BroadPhaseQuadTree.cpp
  CapsuleShape.cpp
  CastConvexVsTriangles.cpp
  CastSphereVsTriangles.cpp
  Character.cpp
  CharacterBase.cpp
  CharacterVirtual.cpp
  CollideConvexVsTriangles.cpp
  CollideSphereVsTriangles.cpp
  CollisionDispatch.cpp
  CollisionGroup.cpp
  Generating Code...
  Compiling...
  Color.cpp
  CompoundShape.cpp
  ConeConstraint.cpp
  Constraint.cpp
  ConstraintManager.cpp
  ContactConstraintManager.cpp
  ConvexHullBuilder.cpp
  ConvexHullBuilder2D.cpp
  ConvexHullShape.cpp
  ConvexShape.cpp
  CylinderShape.cpp
  DebugRenderer.cpp
  DebugRendererPlayback.cpp
  DebugRendererRecorder.cpp
  DecoratedShape.cpp
  DeterminismLog.cpp
  DistanceConstraint.cpp
  EstimateCollisionResponse.cpp
  Factory.cpp
  FixedConstraint.cpp
  Generating Code...
  Compiling...
  GearConstraint.cpp
  GroupFilter.cpp
  GroupFilterTable.cpp
  HeightFieldShape.cpp
  HingeConstraint.cpp
  Indexify.cpp
  IslandBuilder.cpp
  IssueReporting.cpp
  JobSystemThreadPool.cpp
  JobSystemWithBarrier.cpp
  LargeIslandSplitter.cpp
  LinearCurve.cpp
  ManifoldBetweenTwoFaces.cpp
  MassProperties.cpp
  Memory.cpp
  MeshShape.cpp
  MotionProperties.cpp
  MotorSettings.cpp
  MutableCompoundShape.cpp
  NarrowPhaseQuery.cpp
  Generating Code...
  Compiling...
  NarrowPhaseStats.cpp
  ObjectStream.cpp
  ObjectStreamBinaryIn.cpp
  ObjectStreamBinaryOut.cpp
  ObjectStreamIn.cpp
  ObjectStreamOut.cpp
  ObjectStreamTextIn.cpp
  ObjectStreamTextOut.cpp
  OffsetCenterOfMassShape.cpp
  OrientedBox.cpp
  PathConstraint.cpp
  PathConstraintPath.cpp
  PathConstraintPathHermite.cpp
  PhysicsLock.cpp
  PhysicsMaterial.cpp
  PhysicsMaterialSimple.cpp
  PhysicsScene.cpp
  PhysicsSystem.cpp
  PhysicsUpdateContext.cpp
  PointConstraint.cpp
  Generating Code...
  Compiling...
  Profiler.cpp
  PulleyConstraint.cpp
  QuadTree.cpp
  RackAndPinionConstraint.cpp
  Ragdoll.cpp
  RegisterTypes.cpp
  RotatedTranslatedShape.cpp
  RTTI.cpp
  ScaledShape.cpp
  Semaphore.cpp
  SerializableObject.cpp
  Shape.cpp
  SixDOFConstraint.cpp
  SkeletalAnimation.cpp
  Skeleton.cpp
  SkeletonMapper.cpp
  SkeletonPose.cpp
  SliderConstraint.cpp
  SphereShape.cpp
  StateRecorderImpl.cpp
  Generating Code...
  Compiling...
  StaticCompoundShape.cpp
  StringTools.cpp
  SwingTwistConstraint.cpp
  TaperedCapsuleShape.cpp
  TickCounter.cpp
  TrackedVehicleController.cpp
  TransformedShape.cpp
  TriangleGrouperClosestCentroid.cpp
  TriangleGrouperMorton.cpp
  TriangleShape.cpp
  TriangleSplitter.cpp
  TriangleSplitterBinning.cpp
  TriangleSplitterFixedLeafSize.cpp
  TriangleSplitterLongestAxis.cpp
  TriangleSplitterMean.cpp
  TriangleSplitterMorton.cpp
  TwoBodyConstraint.cpp
  TypeDeclarations.cpp
  UVec4.cpp
  Vec3.cpp
  Generating Code...
  Compiling...
  VehicleAntiRollBar.cpp
  VehicleCollisionTester.cpp
  VehicleConstraint.cpp
  VehicleController.cpp
  VehicleDifferential.cpp
  VehicleEngine.cpp
  VehicleTrack.cpp
  VehicleTransmission.cpp
  Wheel.cpp
  WheeledVehicleController.cpp
  Generating Code...
  joltphysics_avx2.vcxproj -> D:\theKlaxon\emulsion-sdk\src\lib\public\joltphysics_avx2.lib
