d:\source-sdk-2011\src\vphysics_jolt\joltphysics\debug_avx2\joltphysics_avx2.pch
d:\source-sdk-2011\src\vphysics_jolt\joltphysics\debug_avx2\joltphysics_avx2.pdb
d:\source-sdk-2011\src\vphysics_jolt\joltphysics\debug_avx2\joltphysics_avx2.idb
d:\source-sdk-2011\src\vphysics_jolt\joltphysics\debug_avx2\pch.obj
d:\source-sdk-2011\src\vphysics_jolt\joltphysics\debug_avx2\collisiongroup.obj
d:\source-sdk-2011\src\vphysics_jolt\joltphysics\debug_avx2\collisiondispatch.obj
d:\source-sdk-2011\src\vphysics_jolt\joltphysics\debug_avx2\collidespherevstriangles.obj
d:\source-sdk-2011\src\vphysics_jolt\joltphysics\debug_avx2\collideconvexvstriangles.obj
d:\source-sdk-2011\src\vphysics_jolt\joltphysics\debug_avx2\charactervirtual.obj
d:\source-sdk-2011\src\vphysics_jolt\joltphysics\debug_avx2\characterbase.obj
d:\source-sdk-2011\src\vphysics_jolt\joltphysics\debug_avx2\character.obj
d:\source-sdk-2011\src\vphysics_jolt\joltphysics\debug_avx2\castspherevstriangles.obj
d:\source-sdk-2011\src\vphysics_jolt\joltphysics\debug_avx2\castconvexvstriangles.obj
d:\source-sdk-2011\src\vphysics_jolt\joltphysics\debug_avx2\capsuleshape.obj
d:\source-sdk-2011\src\vphysics_jolt\joltphysics\debug_avx2\broadphasequadtree.obj
d:\source-sdk-2011\src\vphysics_jolt\joltphysics\debug_avx2\broadphasebruteforce.obj
d:\source-sdk-2011\src\vphysics_jolt\joltphysics\debug_avx2\broadphase.obj
d:\source-sdk-2011\src\vphysics_jolt\joltphysics\debug_avx2\boxshape.obj
d:\source-sdk-2011\src\vphysics_jolt\joltphysics\debug_avx2\bodymanager.obj
d:\source-sdk-2011\src\vphysics_jolt\joltphysics\debug_avx2\bodyinterface.obj
d:\source-sdk-2011\src\vphysics_jolt\joltphysics\debug_avx2\bodycreationsettings.obj
d:\source-sdk-2011\src\vphysics_jolt\joltphysics\debug_avx2\bodyaccess.obj
d:\source-sdk-2011\src\vphysics_jolt\joltphysics\debug_avx2\body.obj
d:\source-sdk-2011\src\vphysics_jolt\joltphysics\debug_avx2\aabbtreebuilder.obj
d:\source-sdk-2011\src\vphysics_jolt\joltphysics\debug_avx2\fixedconstraint.obj
d:\source-sdk-2011\src\vphysics_jolt\joltphysics\debug_avx2\factory.obj
d:\source-sdk-2011\src\vphysics_jolt\joltphysics\debug_avx2\estimatecollisionresponse.obj
d:\source-sdk-2011\src\vphysics_jolt\joltphysics\debug_avx2\distanceconstraint.obj
d:\source-sdk-2011\src\vphysics_jolt\joltphysics\debug_avx2\determinismlog.obj
d:\source-sdk-2011\src\vphysics_jolt\joltphysics\debug_avx2\decoratedshape.obj
d:\source-sdk-2011\src\vphysics_jolt\joltphysics\debug_avx2\debugrendererrecorder.obj
d:\source-sdk-2011\src\vphysics_jolt\joltphysics\debug_avx2\debugrendererplayback.obj
d:\source-sdk-2011\src\vphysics_jolt\joltphysics\debug_avx2\debugrenderer.obj
d:\source-sdk-2011\src\vphysics_jolt\joltphysics\debug_avx2\cylindershape.obj
d:\source-sdk-2011\src\vphysics_jolt\joltphysics\debug_avx2\convexshape.obj
d:\source-sdk-2011\src\vphysics_jolt\joltphysics\debug_avx2\convexhullshape.obj
d:\source-sdk-2011\src\vphysics_jolt\joltphysics\debug_avx2\convexhullbuilder2d.obj
d:\source-sdk-2011\src\vphysics_jolt\joltphysics\debug_avx2\convexhullbuilder.obj
d:\source-sdk-2011\src\vphysics_jolt\joltphysics\debug_avx2\contactconstraintmanager.obj
d:\source-sdk-2011\src\vphysics_jolt\joltphysics\debug_avx2\constraintmanager.obj
d:\source-sdk-2011\src\vphysics_jolt\joltphysics\debug_avx2\constraint.obj
d:\source-sdk-2011\src\vphysics_jolt\joltphysics\debug_avx2\coneconstraint.obj
d:\source-sdk-2011\src\vphysics_jolt\joltphysics\debug_avx2\compoundshape.obj
d:\source-sdk-2011\src\vphysics_jolt\joltphysics\debug_avx2\color.obj
d:\source-sdk-2011\src\vphysics_jolt\joltphysics\debug_avx2\narrowphasequery.obj
d:\source-sdk-2011\src\vphysics_jolt\joltphysics\debug_avx2\mutablecompoundshape.obj
d:\source-sdk-2011\src\vphysics_jolt\joltphysics\debug_avx2\motorsettings.obj
d:\source-sdk-2011\src\vphysics_jolt\joltphysics\debug_avx2\motionproperties.obj
d:\source-sdk-2011\src\vphysics_jolt\joltphysics\debug_avx2\meshshape.obj
d:\source-sdk-2011\src\vphysics_jolt\joltphysics\debug_avx2\memory.obj
d:\source-sdk-2011\src\vphysics_jolt\joltphysics\debug_avx2\massproperties.obj
d:\source-sdk-2011\src\vphysics_jolt\joltphysics\debug_avx2\manifoldbetweentwofaces.obj
d:\source-sdk-2011\src\vphysics_jolt\joltphysics\debug_avx2\linearcurve.obj
d:\source-sdk-2011\src\vphysics_jolt\joltphysics\debug_avx2\largeislandsplitter.obj
d:\source-sdk-2011\src\vphysics_jolt\joltphysics\debug_avx2\jobsystemwithbarrier.obj
d:\source-sdk-2011\src\vphysics_jolt\joltphysics\debug_avx2\jobsystemthreadpool.obj
d:\source-sdk-2011\src\vphysics_jolt\joltphysics\debug_avx2\issuereporting.obj
d:\source-sdk-2011\src\vphysics_jolt\joltphysics\debug_avx2\islandbuilder.obj
d:\source-sdk-2011\src\vphysics_jolt\joltphysics\debug_avx2\indexify.obj
d:\source-sdk-2011\src\vphysics_jolt\joltphysics\debug_avx2\hingeconstraint.obj
d:\source-sdk-2011\src\vphysics_jolt\joltphysics\debug_avx2\heightfieldshape.obj
d:\source-sdk-2011\src\vphysics_jolt\joltphysics\debug_avx2\groupfiltertable.obj
d:\source-sdk-2011\src\vphysics_jolt\joltphysics\debug_avx2\groupfilter.obj
d:\source-sdk-2011\src\vphysics_jolt\joltphysics\debug_avx2\gearconstraint.obj
d:\source-sdk-2011\src\vphysics_jolt\joltphysics\debug_avx2\pointconstraint.obj
d:\source-sdk-2011\src\vphysics_jolt\joltphysics\debug_avx2\physicsupdatecontext.obj
d:\source-sdk-2011\src\vphysics_jolt\joltphysics\debug_avx2\physicssystem.obj
d:\source-sdk-2011\src\vphysics_jolt\joltphysics\debug_avx2\physicsscene.obj
d:\source-sdk-2011\src\vphysics_jolt\joltphysics\debug_avx2\physicsmaterialsimple.obj
d:\source-sdk-2011\src\vphysics_jolt\joltphysics\debug_avx2\physicsmaterial.obj
d:\source-sdk-2011\src\vphysics_jolt\joltphysics\debug_avx2\physicslock.obj
d:\source-sdk-2011\src\vphysics_jolt\joltphysics\debug_avx2\pathconstraintpathhermite.obj
d:\source-sdk-2011\src\vphysics_jolt\joltphysics\debug_avx2\pathconstraintpath.obj
d:\source-sdk-2011\src\vphysics_jolt\joltphysics\debug_avx2\pathconstraint.obj
d:\source-sdk-2011\src\vphysics_jolt\joltphysics\debug_avx2\orientedbox.obj
d:\source-sdk-2011\src\vphysics_jolt\joltphysics\debug_avx2\offsetcenterofmassshape.obj
d:\source-sdk-2011\src\vphysics_jolt\joltphysics\debug_avx2\objectstreamtextout.obj
d:\source-sdk-2011\src\vphysics_jolt\joltphysics\debug_avx2\objectstreamtextin.obj
d:\source-sdk-2011\src\vphysics_jolt\joltphysics\debug_avx2\objectstreamout.obj
d:\source-sdk-2011\src\vphysics_jolt\joltphysics\debug_avx2\objectstreamin.obj
d:\source-sdk-2011\src\vphysics_jolt\joltphysics\debug_avx2\objectstreambinaryout.obj
d:\source-sdk-2011\src\vphysics_jolt\joltphysics\debug_avx2\objectstreambinaryin.obj
d:\source-sdk-2011\src\vphysics_jolt\joltphysics\debug_avx2\objectstream.obj
d:\source-sdk-2011\src\vphysics_jolt\joltphysics\debug_avx2\narrowphasestats.obj
d:\source-sdk-2011\src\vphysics_jolt\joltphysics\debug_avx2\staterecorderimpl.obj
d:\source-sdk-2011\src\vphysics_jolt\joltphysics\debug_avx2\sphereshape.obj
d:\source-sdk-2011\src\vphysics_jolt\joltphysics\debug_avx2\sliderconstraint.obj
d:\source-sdk-2011\src\vphysics_jolt\joltphysics\debug_avx2\skeletonpose.obj
d:\source-sdk-2011\src\vphysics_jolt\joltphysics\debug_avx2\skeletonmapper.obj
d:\source-sdk-2011\src\vphysics_jolt\joltphysics\debug_avx2\skeleton.obj
d:\source-sdk-2011\src\vphysics_jolt\joltphysics\debug_avx2\skeletalanimation.obj
d:\source-sdk-2011\src\vphysics_jolt\joltphysics\debug_avx2\sixdofconstraint.obj
d:\source-sdk-2011\src\vphysics_jolt\joltphysics\debug_avx2\shape.obj
d:\source-sdk-2011\src\vphysics_jolt\joltphysics\debug_avx2\serializableobject.obj
d:\source-sdk-2011\src\vphysics_jolt\joltphysics\debug_avx2\semaphore.obj
d:\source-sdk-2011\src\vphysics_jolt\joltphysics\debug_avx2\scaledshape.obj
d:\source-sdk-2011\src\vphysics_jolt\joltphysics\debug_avx2\rtti.obj
d:\source-sdk-2011\src\vphysics_jolt\joltphysics\debug_avx2\rotatedtranslatedshape.obj
d:\source-sdk-2011\src\vphysics_jolt\joltphysics\debug_avx2\registertypes.obj
d:\source-sdk-2011\src\vphysics_jolt\joltphysics\debug_avx2\ragdoll.obj
d:\source-sdk-2011\src\vphysics_jolt\joltphysics\debug_avx2\rackandpinionconstraint.obj
d:\source-sdk-2011\src\vphysics_jolt\joltphysics\debug_avx2\quadtree.obj
d:\source-sdk-2011\src\vphysics_jolt\joltphysics\debug_avx2\pulleyconstraint.obj
d:\source-sdk-2011\src\vphysics_jolt\joltphysics\debug_avx2\profiler.obj
d:\source-sdk-2011\src\vphysics_jolt\joltphysics\debug_avx2\vec3.obj
d:\source-sdk-2011\src\vphysics_jolt\joltphysics\debug_avx2\uvec4.obj
d:\source-sdk-2011\src\vphysics_jolt\joltphysics\debug_avx2\typedeclarations.obj
d:\source-sdk-2011\src\vphysics_jolt\joltphysics\debug_avx2\twobodyconstraint.obj
d:\source-sdk-2011\src\vphysics_jolt\joltphysics\debug_avx2\trianglesplittermorton.obj
d:\source-sdk-2011\src\vphysics_jolt\joltphysics\debug_avx2\trianglesplittermean.obj
d:\source-sdk-2011\src\vphysics_jolt\joltphysics\debug_avx2\trianglesplitterlongestaxis.obj
d:\source-sdk-2011\src\vphysics_jolt\joltphysics\debug_avx2\trianglesplitterfixedleafsize.obj
d:\source-sdk-2011\src\vphysics_jolt\joltphysics\debug_avx2\trianglesplitterbinning.obj
d:\source-sdk-2011\src\vphysics_jolt\joltphysics\debug_avx2\trianglesplitter.obj
d:\source-sdk-2011\src\vphysics_jolt\joltphysics\debug_avx2\triangleshape.obj
d:\source-sdk-2011\src\vphysics_jolt\joltphysics\debug_avx2\trianglegroupermorton.obj
d:\source-sdk-2011\src\vphysics_jolt\joltphysics\debug_avx2\trianglegrouperclosestcentroid.obj
d:\source-sdk-2011\src\vphysics_jolt\joltphysics\debug_avx2\transformedshape.obj
d:\source-sdk-2011\src\vphysics_jolt\joltphysics\debug_avx2\trackedvehiclecontroller.obj
d:\source-sdk-2011\src\vphysics_jolt\joltphysics\debug_avx2\tickcounter.obj
d:\source-sdk-2011\src\vphysics_jolt\joltphysics\debug_avx2\taperedcapsuleshape.obj
d:\source-sdk-2011\src\vphysics_jolt\joltphysics\debug_avx2\swingtwistconstraint.obj
d:\source-sdk-2011\src\vphysics_jolt\joltphysics\debug_avx2\stringtools.obj
d:\source-sdk-2011\src\vphysics_jolt\joltphysics\debug_avx2\staticcompoundshape.obj
d:\source-sdk-2011\src\vphysics_jolt\joltphysics\debug_avx2\wheeledvehiclecontroller.obj
d:\source-sdk-2011\src\vphysics_jolt\joltphysics\debug_avx2\wheel.obj
d:\source-sdk-2011\src\vphysics_jolt\joltphysics\debug_avx2\vehicletransmission.obj
d:\source-sdk-2011\src\vphysics_jolt\joltphysics\debug_avx2\vehicletrack.obj
d:\source-sdk-2011\src\vphysics_jolt\joltphysics\debug_avx2\vehicleengine.obj
d:\source-sdk-2011\src\vphysics_jolt\joltphysics\debug_avx2\vehicledifferential.obj
d:\source-sdk-2011\src\vphysics_jolt\joltphysics\debug_avx2\vehiclecontroller.obj
d:\source-sdk-2011\src\vphysics_jolt\joltphysics\debug_avx2\vehicleconstraint.obj
d:\source-sdk-2011\src\vphysics_jolt\joltphysics\debug_avx2\vehiclecollisiontester.obj
d:\source-sdk-2011\src\vphysics_jolt\joltphysics\debug_avx2\vehicleantirollbar.obj
d:\theklaxon\source-sdk-2011\src\vphysics_jolt\joltphysics\joltphysics_inc.vpc.sentinel
d:\source-sdk-2011\src\lib\public\joltphysics_avx2.lib
d:\source-sdk-2011\src\vphysics_jolt\joltphysics\debug_avx2\joltphysics_avx2.tlog\cl.command.1.tlog
d:\source-sdk-2011\src\vphysics_jolt\joltphysics\debug_avx2\joltphysics_avx2.tlog\cl.read.1.tlog
d:\source-sdk-2011\src\vphysics_jolt\joltphysics\debug_avx2\joltphysics_avx2.tlog\cl.write.1.tlog
d:\source-sdk-2011\src\vphysics_jolt\joltphysics\debug_avx2\joltphysics_avx2.tlog\custombuild.command.1.tlog
d:\source-sdk-2011\src\vphysics_jolt\joltphysics\debug_avx2\joltphysics_avx2.tlog\custombuild.read.1.tlog
d:\source-sdk-2011\src\vphysics_jolt\joltphysics\debug_avx2\joltphysics_avx2.tlog\custombuild.write.1.tlog
d:\source-sdk-2011\src\vphysics_jolt\joltphysics\debug_avx2\joltphysics_avx2.tlog\lib-link.read.1.tlog
d:\source-sdk-2011\src\vphysics_jolt\joltphysics\debug_avx2\joltphysics_avx2.tlog\lib-link.write.1.tlog
d:\source-sdk-2011\src\vphysics_jolt\joltphysics\debug_avx2\joltphysics_avx2.tlog\lib.command.1.tlog
