D:\SOURCE-SDK-2011\SRC\LIB\PUBLIC\VGUI_CONTROLS.LIB
D:\SOURCE-SDK-2011\SRC\VGUI2\VGUI_CONTROLS\DEBUG\VC100.PDB
D:\THEKLAXON\EMULSION-SDK\SRC\LIB\PUBLIC\VGUI_CONTROLS.LIB
D:\theKlaxon\emulsion-sdk\src\vgui2\vgui_controls\..\..\lib\public\.\vgui_controls.lib
D:\THEKLAXON\EMULSION-SDK\SRC\VGUI2\VGUI_CONTROLS\DEBUG\ANALOGBAR.OBJ
D:\THEKLAXON\EMULSION-SDK\SRC\VGUI2\VGUI_CONTROLS\DEBUG\ANIMATINGIMAGEPANEL.OBJ
D:\THEKLAXON\EMULSION-SDK\SRC\VGUI2\VGUI_CONTROLS\DEBUG\ANIMATIONCONTROLLER.OBJ
D:\THEKLAXON\EMULSION-SDK\SRC\VGUI2\VGUI_CONTROLS\DEBUG\BITMAPIMAGEPANEL.OBJ
D:\THEKLAXON\EMULSION-SDK\SRC\VGUI2\VGUI_CONTROLS\DEBUG\BUILDFACTORYHELPER.OBJ
D:\THEKLAXON\EMULSION-SDK\SRC\VGUI2\VGUI_CONTROLS\DEBUG\BUILDGROUP.OBJ
D:\THEKLAXON\EMULSION-SDK\SRC\VGUI2\VGUI_CONTROLS\DEBUG\BUILDMODEDIALOG.OBJ
D:\THEKLAXON\EMULSION-SDK\SRC\VGUI2\VGUI_CONTROLS\DEBUG\BUTTON.OBJ
D:\THEKLAXON\EMULSION-SDK\SRC\VGUI2\VGUI_CONTROLS\DEBUG\CHECKBUTTON.OBJ
D:\THEKLAXON\EMULSION-SDK\SRC\VGUI2\VGUI_CONTROLS\DEBUG\CHECKBUTTONLIST.OBJ
D:\THEKLAXON\EMULSION-SDK\SRC\VGUI2\VGUI_CONTROLS\DEBUG\CIRCULARPROGRESSBAR.OBJ
D:\theKlaxon\emulsion-sdk\src\vgui2\vgui_controls\Debug\CL.11308.read.1.tlog
D:\theKlaxon\emulsion-sdk\src\vgui2\vgui_controls\Debug\CL.11308.write.1.tlog
D:\theKlaxon\emulsion-sdk\src\vgui2\vgui_controls\Debug\CL.12692.read.1.tlog
D:\theKlaxon\emulsion-sdk\src\vgui2\vgui_controls\Debug\CL.12692.write.1.tlog
D:\theKlaxon\emulsion-sdk\src\vgui2\vgui_controls\Debug\CL.14800.read.1.tlog
D:\theKlaxon\emulsion-sdk\src\vgui2\vgui_controls\Debug\CL.14800.write.1.tlog
D:\theKlaxon\emulsion-sdk\src\vgui2\vgui_controls\Debug\CL.16312.read.1.tlog
D:\theKlaxon\emulsion-sdk\src\vgui2\vgui_controls\Debug\CL.16312.write.1.tlog
D:\theKlaxon\emulsion-sdk\src\vgui2\vgui_controls\Debug\CL.17584.read.1.tlog
D:\theKlaxon\emulsion-sdk\src\vgui2\vgui_controls\Debug\CL.17584.write.1.tlog
D:\theKlaxon\emulsion-sdk\src\vgui2\vgui_controls\Debug\CL.19392.read.1.tlog
D:\theKlaxon\emulsion-sdk\src\vgui2\vgui_controls\Debug\CL.19392.write.1.tlog
D:\theKlaxon\emulsion-sdk\src\vgui2\vgui_controls\Debug\CL.21440.read.1.tlog
D:\theKlaxon\emulsion-sdk\src\vgui2\vgui_controls\Debug\CL.21440.write.1.tlog
D:\theKlaxon\emulsion-sdk\src\vgui2\vgui_controls\Debug\CL.2400.read.1.tlog
D:\theKlaxon\emulsion-sdk\src\vgui2\vgui_controls\Debug\CL.2400.write.1.tlog
D:\theKlaxon\emulsion-sdk\src\vgui2\vgui_controls\Debug\CL.25228.read.1.tlog
D:\theKlaxon\emulsion-sdk\src\vgui2\vgui_controls\Debug\CL.25228.write.1.tlog
D:\theKlaxon\emulsion-sdk\src\vgui2\vgui_controls\Debug\CL.25444.read.1.tlog
D:\theKlaxon\emulsion-sdk\src\vgui2\vgui_controls\Debug\CL.25444.write.1.tlog
D:\theKlaxon\emulsion-sdk\src\vgui2\vgui_controls\Debug\CL.25576.read.1.tlog
D:\theKlaxon\emulsion-sdk\src\vgui2\vgui_controls\Debug\CL.25576.write.1.tlog
D:\theKlaxon\emulsion-sdk\src\vgui2\vgui_controls\Debug\CL.25760.read.1.tlog
D:\theKlaxon\emulsion-sdk\src\vgui2\vgui_controls\Debug\CL.25760.write.1.tlog
D:\theKlaxon\emulsion-sdk\src\vgui2\vgui_controls\Debug\CL.26696.read.1.tlog
D:\theKlaxon\emulsion-sdk\src\vgui2\vgui_controls\Debug\CL.26696.write.1.tlog
D:\theKlaxon\emulsion-sdk\src\vgui2\vgui_controls\Debug\CL.27744.read.1.tlog
D:\theKlaxon\emulsion-sdk\src\vgui2\vgui_controls\Debug\CL.27744.write.1.tlog
D:\theKlaxon\emulsion-sdk\src\vgui2\vgui_controls\Debug\CL.28336.read.1.tlog
D:\theKlaxon\emulsion-sdk\src\vgui2\vgui_controls\Debug\CL.28336.write.1.tlog
D:\theKlaxon\emulsion-sdk\src\vgui2\vgui_controls\Debug\CL.29144.read.1.tlog
D:\theKlaxon\emulsion-sdk\src\vgui2\vgui_controls\Debug\CL.29144.write.1.tlog
D:\theKlaxon\emulsion-sdk\src\vgui2\vgui_controls\Debug\CL.29316.read.1.tlog
D:\theKlaxon\emulsion-sdk\src\vgui2\vgui_controls\Debug\CL.29316.write.1.tlog
D:\theKlaxon\emulsion-sdk\src\vgui2\vgui_controls\Debug\CL.30676.read.1.tlog
D:\theKlaxon\emulsion-sdk\src\vgui2\vgui_controls\Debug\CL.30676.write.1.tlog
D:\theKlaxon\emulsion-sdk\src\vgui2\vgui_controls\Debug\CL.30772.read.1.tlog
D:\theKlaxon\emulsion-sdk\src\vgui2\vgui_controls\Debug\CL.30772.write.1.tlog
D:\theKlaxon\emulsion-sdk\src\vgui2\vgui_controls\Debug\CL.32172.read.1.tlog
D:\theKlaxon\emulsion-sdk\src\vgui2\vgui_controls\Debug\CL.32172.write.1.tlog
D:\theKlaxon\emulsion-sdk\src\vgui2\vgui_controls\Debug\CL.32776.read.1.tlog
D:\theKlaxon\emulsion-sdk\src\vgui2\vgui_controls\Debug\CL.32776.write.1.tlog
D:\theKlaxon\emulsion-sdk\src\vgui2\vgui_controls\Debug\CL.33504.read.1.tlog
D:\theKlaxon\emulsion-sdk\src\vgui2\vgui_controls\Debug\CL.33504.write.1.tlog
D:\theKlaxon\emulsion-sdk\src\vgui2\vgui_controls\Debug\CL.35164.read.1.tlog
D:\theKlaxon\emulsion-sdk\src\vgui2\vgui_controls\Debug\CL.35164.write.1.tlog
D:\theKlaxon\emulsion-sdk\src\vgui2\vgui_controls\Debug\CL.3544.read.1.tlog
D:\theKlaxon\emulsion-sdk\src\vgui2\vgui_controls\Debug\CL.3544.write.1.tlog
D:\theKlaxon\emulsion-sdk\src\vgui2\vgui_controls\Debug\CL.36372.read.1.tlog
D:\theKlaxon\emulsion-sdk\src\vgui2\vgui_controls\Debug\CL.36372.write.1.tlog
D:\theKlaxon\emulsion-sdk\src\vgui2\vgui_controls\Debug\CL.3732.read.1.tlog
D:\theKlaxon\emulsion-sdk\src\vgui2\vgui_controls\Debug\CL.3732.write.1.tlog
D:\theKlaxon\emulsion-sdk\src\vgui2\vgui_controls\Debug\CL.39464.read.1.tlog
D:\theKlaxon\emulsion-sdk\src\vgui2\vgui_controls\Debug\CL.39464.write.1.tlog
D:\theKlaxon\emulsion-sdk\src\vgui2\vgui_controls\Debug\CL.44640.read.1.tlog
D:\theKlaxon\emulsion-sdk\src\vgui2\vgui_controls\Debug\CL.44640.write.1.tlog
D:\theKlaxon\emulsion-sdk\src\vgui2\vgui_controls\Debug\CL.44944.read.1.tlog
D:\theKlaxon\emulsion-sdk\src\vgui2\vgui_controls\Debug\CL.44944.write.1.tlog
D:\theKlaxon\emulsion-sdk\src\vgui2\vgui_controls\Debug\CL.50404.read.1.tlog
D:\theKlaxon\emulsion-sdk\src\vgui2\vgui_controls\Debug\CL.50404.write.1.tlog
D:\theKlaxon\emulsion-sdk\src\vgui2\vgui_controls\Debug\CL.56312.read.1.tlog
D:\theKlaxon\emulsion-sdk\src\vgui2\vgui_controls\Debug\CL.56312.write.1.tlog
D:\theKlaxon\emulsion-sdk\src\vgui2\vgui_controls\Debug\CL.56816.read.1.tlog
D:\theKlaxon\emulsion-sdk\src\vgui2\vgui_controls\Debug\CL.56816.write.1.tlog
D:\theKlaxon\emulsion-sdk\src\vgui2\vgui_controls\Debug\CL.5740.read.1.tlog
D:\theKlaxon\emulsion-sdk\src\vgui2\vgui_controls\Debug\CL.5740.write.1.tlog
D:\theKlaxon\emulsion-sdk\src\vgui2\vgui_controls\Debug\CL.58644.read.1.tlog
D:\theKlaxon\emulsion-sdk\src\vgui2\vgui_controls\Debug\CL.58644.write.1.tlog
D:\theKlaxon\emulsion-sdk\src\vgui2\vgui_controls\Debug\CL.62012.read.1.tlog
D:\theKlaxon\emulsion-sdk\src\vgui2\vgui_controls\Debug\CL.62012.write.1.tlog
D:\theKlaxon\emulsion-sdk\src\vgui2\vgui_controls\Debug\CL.8024.read.1.tlog
D:\theKlaxon\emulsion-sdk\src\vgui2\vgui_controls\Debug\CL.8024.write.1.tlog
D:\theKlaxon\emulsion-sdk\src\vgui2\vgui_controls\Debug\cl.command.1.tlog
D:\theKlaxon\emulsion-sdk\src\vgui2\vgui_controls\Debug\CL.read.1.tlog
D:\theKlaxon\emulsion-sdk\src\vgui2\vgui_controls\Debug\cl.write.1.tlog
D:\THEKLAXON\EMULSION-SDK\SRC\VGUI2\VGUI_CONTROLS\DEBUG\COMBOBOX.OBJ
D:\THEKLAXON\EMULSION-SDK\SRC\VGUI2\VGUI_CONTROLS\DEBUG\CONSOLEDIALOG.OBJ
D:\THEKLAXON\EMULSION-SDK\SRC\VGUI2\VGUI_CONTROLS\DEBUG\CONTROLLERMAP.OBJ
D:\THEKLAXON\EMULSION-SDK\SRC\VGUI2\VGUI_CONTROLS\DEBUG\CONTROLS.OBJ
D:\THEKLAXON\EMULSION-SDK\SRC\VGUI2\VGUI_CONTROLS\DEBUG\CVARTOGGLECHECKBUTTON.OBJ
D:\THEKLAXON\EMULSION-SDK\SRC\VGUI2\VGUI_CONTROLS\DEBUG\DIRECTORYSELECTDIALOG.OBJ
D:\THEKLAXON\EMULSION-SDK\SRC\VGUI2\VGUI_CONTROLS\DEBUG\DIVIDER.OBJ
D:\THEKLAXON\EMULSION-SDK\SRC\VGUI2\VGUI_CONTROLS\DEBUG\EDITABLEPANEL.OBJ
D:\THEKLAXON\EMULSION-SDK\SRC\VGUI2\VGUI_CONTROLS\DEBUG\EXPANDBUTTON.OBJ
D:\THEKLAXON\EMULSION-SDK\SRC\VGUI2\VGUI_CONTROLS\DEBUG\FILEOPENDIALOG.OBJ
D:\THEKLAXON\EMULSION-SDK\SRC\VGUI2\VGUI_CONTROLS\DEBUG\FILEOPENSTATEMACHINE.OBJ
D:\THEKLAXON\EMULSION-SDK\SRC\VGUI2\VGUI_CONTROLS\DEBUG\FILESYSTEM_HELPERS.OBJ
D:\THEKLAXON\EMULSION-SDK\SRC\VGUI2\VGUI_CONTROLS\DEBUG\FOCUSNAVGROUP.OBJ
D:\THEKLAXON\EMULSION-SDK\SRC\VGUI2\VGUI_CONTROLS\DEBUG\FRAME.OBJ
D:\THEKLAXON\EMULSION-SDK\SRC\VGUI2\VGUI_CONTROLS\DEBUG\GRAPHPANEL.OBJ
D:\THEKLAXON\EMULSION-SDK\SRC\VGUI2\VGUI_CONTROLS\DEBUG\HTML.OBJ
D:\THEKLAXON\EMULSION-SDK\SRC\VGUI2\VGUI_CONTROLS\DEBUG\IMAGE.OBJ
D:\THEKLAXON\EMULSION-SDK\SRC\VGUI2\VGUI_CONTROLS\DEBUG\IMAGELIST.OBJ
D:\THEKLAXON\EMULSION-SDK\SRC\VGUI2\VGUI_CONTROLS\DEBUG\IMAGEPANEL.OBJ
D:\THEKLAXON\EMULSION-SDK\SRC\VGUI2\VGUI_CONTROLS\DEBUG\INPUTDIALOG.OBJ
D:\THEKLAXON\EMULSION-SDK\SRC\VGUI2\VGUI_CONTROLS\DEBUG\KEYBINDINGHELPDIALOG.OBJ
D:\THEKLAXON\EMULSION-SDK\SRC\VGUI2\VGUI_CONTROLS\DEBUG\KEYBOARDEDITORDIALOG.OBJ
D:\THEKLAXON\EMULSION-SDK\SRC\VGUI2\VGUI_CONTROLS\DEBUG\KEYREPEAT.OBJ
D:\THEKLAXON\EMULSION-SDK\SRC\VGUI2\VGUI_CONTROLS\DEBUG\LABEL.OBJ
D:\theKlaxon\emulsion-sdk\src\vgui2\vgui_controls\Debug\lib.command.1.tlog
D:\theKlaxon\emulsion-sdk\src\vgui2\vgui_controls\Debug\Lib-link.read.1.tlog
D:\theKlaxon\emulsion-sdk\src\vgui2\vgui_controls\Debug\Lib-link.write.1.tlog
D:\THEKLAXON\EMULSION-SDK\SRC\VGUI2\VGUI_CONTROLS\DEBUG\LISTPANEL.OBJ
D:\THEKLAXON\EMULSION-SDK\SRC\VGUI2\VGUI_CONTROLS\DEBUG\LISTVIEWPANEL.OBJ
D:\THEKLAXON\EMULSION-SDK\SRC\VGUI2\VGUI_CONTROLS\DEBUG\MENU.OBJ
D:\THEKLAXON\EMULSION-SDK\SRC\VGUI2\VGUI_CONTROLS\DEBUG\MENUBAR.OBJ
D:\THEKLAXON\EMULSION-SDK\SRC\VGUI2\VGUI_CONTROLS\DEBUG\MENUBUTTON.OBJ
D:\THEKLAXON\EMULSION-SDK\SRC\VGUI2\VGUI_CONTROLS\DEBUG\MENUITEM.OBJ
D:\THEKLAXON\EMULSION-SDK\SRC\VGUI2\VGUI_CONTROLS\DEBUG\MESSAGEBOX.OBJ
D:\THEKLAXON\EMULSION-SDK\SRC\VGUI2\VGUI_CONTROLS\DEBUG\MESSAGEDIALOG.OBJ
D:\THEKLAXON\EMULSION-SDK\SRC\VGUI2\VGUI_CONTROLS\DEBUG\PANEL.OBJ
D:\THEKLAXON\EMULSION-SDK\SRC\VGUI2\VGUI_CONTROLS\DEBUG\PANELLISTPANEL.OBJ
D:\THEKLAXON\EMULSION-SDK\SRC\VGUI2\VGUI_CONTROLS\DEBUG\PATCH.OBJ
D:\THEKLAXON\EMULSION-SDK\SRC\VGUI2\VGUI_CONTROLS\DEBUG\PERFORCEFILEEXPLORER.OBJ
D:\THEKLAXON\EMULSION-SDK\SRC\VGUI2\VGUI_CONTROLS\DEBUG\PERFORCEFILELIST.OBJ
D:\THEKLAXON\EMULSION-SDK\SRC\VGUI2\VGUI_CONTROLS\DEBUG\PERFORCEFILELISTFRAME.OBJ
D:\THEKLAXON\EMULSION-SDK\SRC\VGUI2\VGUI_CONTROLS\DEBUG\PROGRESSBAR.OBJ
D:\THEKLAXON\EMULSION-SDK\SRC\VGUI2\VGUI_CONTROLS\DEBUG\PROGRESSBOX.OBJ
D:\THEKLAXON\EMULSION-SDK\SRC\VGUI2\VGUI_CONTROLS\DEBUG\PROPERTYDIALOG.OBJ
D:\THEKLAXON\EMULSION-SDK\SRC\VGUI2\VGUI_CONTROLS\DEBUG\PROPERTYPAGE.OBJ
D:\THEKLAXON\EMULSION-SDK\SRC\VGUI2\VGUI_CONTROLS\DEBUG\PROPERTYSHEET.OBJ
D:\THEKLAXON\EMULSION-SDK\SRC\VGUI2\VGUI_CONTROLS\DEBUG\QUERYBOX.OBJ
D:\THEKLAXON\EMULSION-SDK\SRC\VGUI2\VGUI_CONTROLS\DEBUG\RADIOBUTTON.OBJ
D:\THEKLAXON\EMULSION-SDK\SRC\VGUI2\VGUI_CONTROLS\DEBUG\RICHTEXT.OBJ
D:\THEKLAXON\EMULSION-SDK\SRC\VGUI2\VGUI_CONTROLS\DEBUG\ROTATINGPROGRESSBAR.OBJ
D:\THEKLAXON\EMULSION-SDK\SRC\VGUI2\VGUI_CONTROLS\DEBUG\SAVEDOCUMENTQUERY.OBJ
D:\THEKLAXON\EMULSION-SDK\SRC\VGUI2\VGUI_CONTROLS\DEBUG\SCALABLEIMAGEPANEL.OBJ
D:\THEKLAXON\EMULSION-SDK\SRC\VGUI2\VGUI_CONTROLS\DEBUG\SCROLLABLEEDITABLEPANEL.OBJ
D:\THEKLAXON\EMULSION-SDK\SRC\VGUI2\VGUI_CONTROLS\DEBUG\SCROLLBAR.OBJ
D:\THEKLAXON\EMULSION-SDK\SRC\VGUI2\VGUI_CONTROLS\DEBUG\SCROLLBARSLIDER.OBJ
D:\THEKLAXON\EMULSION-SDK\SRC\VGUI2\VGUI_CONTROLS\DEBUG\SECTIONEDLISTPANEL.OBJ
D:\THEKLAXON\EMULSION-SDK\SRC\VGUI2\VGUI_CONTROLS\DEBUG\SLIDER.OBJ
D:\THEKLAXON\EMULSION-SDK\SRC\VGUI2\VGUI_CONTROLS\DEBUG\SPLITTER.OBJ
D:\THEKLAXON\EMULSION-SDK\SRC\VGUI2\VGUI_CONTROLS\DEBUG\SUBRECTIMAGE.OBJ
D:\THEKLAXON\EMULSION-SDK\SRC\VGUI2\VGUI_CONTROLS\DEBUG\TEXTENTRY.OBJ
D:\THEKLAXON\EMULSION-SDK\SRC\VGUI2\VGUI_CONTROLS\DEBUG\TEXTIMAGE.OBJ
D:\THEKLAXON\EMULSION-SDK\SRC\VGUI2\VGUI_CONTROLS\DEBUG\TOGGLEBUTTON.OBJ
D:\THEKLAXON\EMULSION-SDK\SRC\VGUI2\VGUI_CONTROLS\DEBUG\TOOLTIP.OBJ
D:\THEKLAXON\EMULSION-SDK\SRC\VGUI2\VGUI_CONTROLS\DEBUG\TOOLWINDOW.OBJ
D:\THEKLAXON\EMULSION-SDK\SRC\VGUI2\VGUI_CONTROLS\DEBUG\TREEVIEW.OBJ
D:\THEKLAXON\EMULSION-SDK\SRC\VGUI2\VGUI_CONTROLS\DEBUG\TREEVIEWLISTCONTROL.OBJ
D:\THEKLAXON\EMULSION-SDK\SRC\VGUI2\VGUI_CONTROLS\DEBUG\URLLABEL.OBJ
D:\theKlaxon\emulsion-sdk\src\vgui2\vgui_controls\Debug\vc100.idb
D:\THEKLAXON\EMULSION-SDK\SRC\VGUI2\VGUI_CONTROLS\DEBUG\VC100.PDB
D:\THEKLAXON\EMULSION-SDK\SRC\VGUI2\VGUI_CONTROLS\DEBUG\VGUI_KEY_TRANSLATION.OBJ
D:\THEKLAXON\EMULSION-SDK\SRC\VGUI2\VGUI_CONTROLS\DEBUG\WIZARDPANEL.OBJ
D:\THEKLAXON\EMULSION-SDK\SRC\VGUI2\VGUI_CONTROLS\DEBUG\WIZARDSUBPANEL.OBJ
